0 info it worked if it ends with ok
1 verbose cli [ '/usr/bin/node',
1 verbose cli   '/usr/bin/npm',
1 verbose cli   'install',
1 verbose cli   'cordova-android@^7.1.4',
1 verbose cli   '--production',
1 verbose cli   '--save' ]
2 info using npm@3.5.2
3 info using node@v8.10.0
4 silly loadCurrentTree Starting
5 silly install loadCurrentTree
6 silly install readLocalPackageData
7 silly fetchPackageMetaData cordova-android@^7.1.4
8 silly fetchNamedPackageData cordova-android
9 silly mapToRegistry name cordova-android
10 silly mapToRegistry using default registry
11 silly mapToRegistry registry https://registry.npmjs.org/
12 silly mapToRegistry uri https://registry.npmjs.org/cordova-android
13 verbose request uri https://registry.npmjs.org/cordova-android
14 verbose request no auth needed
15 info attempt registry request try #1 at 10:30:30
16 verbose request id 01f6148cdb5e5834
17 verbose etag W/"34fc17067e581d2456f2f9098d3752cd"
18 verbose lastModified Mon, 10 Dec 2018 02:51:32 GMT
19 http request GET https://registry.npmjs.org/cordova-android
20 http 304 https://registry.npmjs.org/cordova-android
21 verbose headers { date: 'Mon, 10 Dec 2018 09:30:30 GMT',
21 verbose headers   connection: 'keep-alive',
21 verbose headers   'set-cookie':
21 verbose headers    [ '__cfduid=dbdef66dea92ed97dbda55c7f479489ee1544434230; expires=Tue, 10-Dec-19 09:30:30 GMT; path=/; domain=.registry.npmjs.org; HttpOnly' ],
21 verbose headers   'cf-cache-status': 'HIT',
21 verbose headers   'cache-control': 'max-age=300',
21 verbose headers   'cf-ray': '486eb1745a67b77d-CDG',
21 verbose headers   etag: '"34fc17067e581d2456f2f9098d3752cd"',
21 verbose headers   'expect-ct': 'max-age=604800, report-uri="https://report-uri.cloudflare.com/cdn-cgi/beacon/expect-ct"',
21 verbose headers   'last-modified': 'Mon, 10 Dec 2018 02:51:32 GMT',
21 verbose headers   vary: 'accept-encoding, accept',
21 verbose headers   'x-amz-meta-rev': '650-99d07796e18e81fe4cdf4da5406d7084',
21 verbose headers   server: 'cloudflare' }
22 silly get cb [ 304,
22 silly get   { date: 'Mon, 10 Dec 2018 09:30:30 GMT',
22 silly get     connection: 'keep-alive',
22 silly get     'set-cookie':
22 silly get      [ '__cfduid=dbdef66dea92ed97dbda55c7f479489ee1544434230; expires=Tue, 10-Dec-19 09:30:30 GMT; path=/; domain=.registry.npmjs.org; HttpOnly' ],
22 silly get     'cf-cache-status': 'HIT',
22 silly get     'cache-control': 'max-age=300',
22 silly get     'cf-ray': '486eb1745a67b77d-CDG',
22 silly get     etag: '"34fc17067e581d2456f2f9098d3752cd"',
22 silly get     'expect-ct': 'max-age=604800, report-uri="https://report-uri.cloudflare.com/cdn-cgi/beacon/expect-ct"',
22 silly get     'last-modified': 'Mon, 10 Dec 2018 02:51:32 GMT',
22 silly get     vary: 'accept-encoding, accept',
22 silly get     'x-amz-meta-rev': '650-99d07796e18e81fe4cdf4da5406d7084',
22 silly get     server: 'cloudflare' } ]
23 verbose etag https://registry.npmjs.org/cordova-android from cache
24 verbose get saving cordova-android to /home/luc/.npm/registry.npmjs.org/cordova-android/.cache.json
25 silly install normalizeTree
26 silly loadCurrentTree Finishing
27 silly loadIdealTree Starting
28 silly install loadIdealTree
29 silly cloneCurrentTree Starting
30 silly install cloneCurrentTreeToIdealTree
31 silly cloneCurrentTree Finishing
32 silly loadShrinkwrap Starting
33 silly install loadShrinkwrap
34 silly loadShrinkwrap Finishing
35 silly loadAllDepsIntoIdealTree Starting
36 silly install loadAllDepsIntoIdealTree
37 silly resolveWithNewModule cordova-android@7.1.4 checking installable status
38 silly cache add args [ 'cordova-android@^7.1.4', null ]
39 verbose cache add spec cordova-android@^7.1.4
40 silly cache add parsed spec Result {
40 silly cache add   raw: 'cordova-android@^7.1.4',
40 silly cache add   scope: null,
40 silly cache add   name: 'cordova-android',
40 silly cache add   rawSpec: '^7.1.4',
40 silly cache add   spec: '>=7.1.4 <8.0.0',
40 silly cache add   type: 'range' }
41 silly addNamed cordova-android@>=7.1.4 <8.0.0
42 verbose addNamed ">=7.1.4 <8.0.0" is a valid semver range for cordova-android
43 silly addNameRange { name: 'cordova-android',
43 silly addNameRange   range: '>=7.1.4 <8.0.0',
43 silly addNameRange   hasData: false }
44 silly mapToRegistry name cordova-android
45 silly mapToRegistry using default registry
46 silly mapToRegistry registry https://registry.npmjs.org/
47 silly mapToRegistry uri https://registry.npmjs.org/cordova-android
48 verbose addNameRange registry:https://registry.npmjs.org/cordova-android not in flight; fetching
49 verbose get https://registry.npmjs.org/cordova-android not expired, no request
50 silly addNameRange number 2 { name: 'cordova-android',
50 silly addNameRange   range: '>=7.1.4 <8.0.0',
50 silly addNameRange   hasData: true }
51 silly addNameRange versions [ 'cordova-android',
51 silly addNameRange   [ '3.5.0',
51 silly addNameRange     '3.5.1',
51 silly addNameRange     '3.6.0',
51 silly addNameRange     '3.6.1',
51 silly addNameRange     '3.6.3',
51 silly addNameRange     '3.6.4',
51 silly addNameRange     '3.7.0',
51 silly addNameRange     '3.7.1',
51 silly addNameRange     '4.0.0',
51 silly addNameRange     '4.0.1',
51 silly addNameRange     '3.7.2',
51 silly addNameRange     '4.0.2',
51 silly addNameRange     '4.1.0',
51 silly addNameRange     '4.1.1',
51 silly addNameRange     '5.0.0',
51 silly addNameRange     '5.1.0',
51 silly addNameRange     '5.1.1',
51 silly addNameRange     '5.2.0-nightly.2016.5.24.9738079c',
51 silly addNameRange     '5.2.0-nightly.2016.5.25.9738079c',
51 silly addNameRange     '5.2.0-nightly.2016.5.26.d125ece9',
51 silly addNameRange     '5.2.0-nightly.2016.5.27.d125ece9',
51 silly addNameRange     '5.2.0-nightly.2016.5.28.d125ece9',
51 silly addNameRange     '5.2.0-nightly.2016.5.30.d125ece9',
51 silly addNameRange     '5.2.0-nightly.2016.5.31.d125ece9',
51 silly addNameRange     '5.2.0-nightly.2016.6.1.3a1b4ffc',
51 silly addNameRange     '5.2.0-nightly.2016.6.2.3a1b4ffc',
51 silly addNameRange     '5.2.0-nightly.2016.6.3.81d62196',
51 silly addNameRange     '5.2.0-nightly.2016.6.4.81d62196',
51 silly addNameRange     '5.2.0-nightly.2016.6.5.81d62196',
51 silly addNameRange     '5.2.0-nightly.2016.6.6.81d62196',
51 silly addNameRange     '5.2.0-nightly.2016.6.7.81d62196',
51 silly addNameRange     '5.2.0-nightly.2016.6.8.81d62196',
51 silly addNameRange     '5.2.0-nightly.2016.6.9.81d62196',
51 silly addNameRange     '5.2.0-nightly.2016.6.10.04a3c9d9',
51 silly addNameRange     '5.2.0-nightly.2016.6.12.04a3c9d9',
51 silly addNameRange     '5.2.0-nightly.2016.6.13.04a3c9d9',
51 silly addNameRange     '5.2.0-nightly.2016.6.14.04a3c9d9',
51 silly addNameRange     '5.2.0-nightly.2016.6.16.04a3c9d9',
51 silly addNameRange     '5.2.0-nightly.2016.6.17.04a3c9d9',
51 silly addNameRange     '5.2.0-nightly.2016.6.18.04a3c9d9',
51 silly addNameRange     '5.2.0-nightly.2016.6.20.04a3c9d9',
51 silly addNameRange     '5.2.0-nightly.2016.6.21.04a3c9d9',
51 silly addNameRange     '5.2.0-nightly.2016.6.22.04a3c9d9',
51 silly addNameRange     '5.2.0-nightly.2016.6.23.04a3c9d9',
51 silly addNameRange     '5.2.0-nightly.2016.6.24.04a3c9d9',
51 silly addNameRange     '5.2.0-nightly.2016.6.26.04a3c9d9',
51 silly addNameRange     '5.2.0-nightly.2016.6.27.04a3c9d9',
51 silly addNameRange     '5.2.0-nightly.2016.6.28.1fcee242',
51 silly addNameRange     '5.2.0-nightly.2016.6.29.22918152',
51 silly addNameRange     '5.3.0-nightly.2016.6.30.103e1e8d',
51 silly addNameRange     '5.3.0-nightly.2016.7.1.103e1e8d',
51 silly addNameRange     '5.2.0',
51 silly addNameRange     '5.3.0-nightly.2016.7.2.103e1e8d',
51 silly addNameRange     '5.3.0-nightly.2016.7.3.103e1e8d',
51 silly addNameRange     '5.3.0-nightly.2016.7.4.103e1e8d',
51 silly addNameRange     '5.3.0-nightly.2016.7.5.103e1e8d',
51 silly addNameRange     '5.3.0-nightly.2016.7.6.103e1e8d',
51 silly addNameRange     '5.3.0-nightly.2016.7.7.f1c185b7',
51 silly addNameRange     '5.3.0-nightly.2016.7.8.f1c185b7',
51 silly addNameRange     '5.3.0-nightly.2016.7.10.f1c185b7',
51 silly addNameRange     '5.3.0-nightly.2016.7.12.39165a86',
51 silly addNameRange     '5.2.1',
51 silly addNameRange     '5.3.0-nightly.2016.7.14.39165a86',
51 silly addNameRange     '5.3.0-nightly.2016.7.15.39165a86',
51 silly addNameRange     '5.3.0-nightly.2016.7.16.39165a86',
51 silly addNameRange     '5.3.0-nightly.2016.7.17.39165a86',
51 silly addNameRange     '5.3.0-nightly.2016.7.18.39165a86',
51 silly addNameRange     '5.3.0-nightly.2016.7.20.39165a86',
51 silly addNameRange     '5.3.0-nightly.2016.7.23.8163713',
51 silly addNameRange     '5.3.0-nightly.2016.7.24.8163713',
51 silly addNameRange     '5.3.0-nightly.2016.7.25.8163713',
51 silly addNameRange     '5.3.0-nightly.2016.7.26.8163713',
51 silly addNameRange     '5.3.0-nightly.2016.7.27.74ae6651',
51 silly addNameRange     '5.3.0-nightly.2016.7.28.74ae6651',
51 silly addNameRange     '5.3.0-nightly.2016.7.29.74ae6651',
51 silly addNameRange     '5.3.0-nightly.2016.8.2.74ae6651',
51 silly addNameRange     '5.3.0-nightly.2016.8.4.d54a42f0',
51 silly addNameRange     '5.3.0-nightly.2016.8.5.d54a42f0',
51 silly addNameRange     '5.3.0-nightly.2016.8.6.d54a42f0',
51 silly addNameRange     '5.3.0-nightly.2016.8.7.d54a42f0',
51 silly addNameRange     '5.3.0-nightly.2016.8.8.d54a42f0',
51 silly addNameRange     '5.3.0-nightly.2016.8.9.d54a42f0',
51 silly addNameRange     '5.3.0-nightly.2016.8.10.d54a42f0',
51 silly addNameRange     '5.3.0-nightly.2016.8.11.d54a42f0',
51 silly addNameRange     '5.3.0-nightly.2016.8.12.ed543dc6',
51 silly addNameRange     '5.3.0-nightly.2016.8.13.ed543dc6',
51 silly addNameRange     '5.3.0-nightly.2016.8.15.ed543dc6',
51 silly addNameRange     '5.3.0-nightly.2016.8.16.ed543dc6',
51 silly addNameRange     '5.3.0-nightly.2016.8.17.2efe2406',
51 silly addNameRange     '5.3.0-nightly.2016.8.18.2efe2406',
51 silly addNameRange     '5.3.0-nightly.2016.8.20.8fbb6d7c',
51 silly addNameRange     '5.3.0-nightly.2016.8.21.8fbb6d7c',
51 silly addNameRange     '5.3.0-nightly.2016.8.22.8fbb6d7c',
51 silly addNameRange     '5.2.2',
51 silly addNameRange     '5.3.0-nightly.2016.8.23.4a0a7bc4',
51 silly addNameRange     '5.3.0-nightly.2016.8.24.4a0a7bc4',
51 silly addNameRange     '5.3.0-nightly.2016.8.25.4a0a7bc4',
51 silly addNameRange     '5.3.0-nightly.2016.8.26.4a0a7bc4',
51 silly addNameRange     '5.3.0-nightly.2016.8.27.4a0a7bc4',
51 silly addNameRange     '5.3.0-nightly.2016.8.28.4a0a7bc4',
51 silly addNameRange     ... 508 more items ] ]
52 silly addNamed cordova-android@7.1.4
53 verbose addNamed "7.1.4" is a plain semver version for cordova-android
54 silly cache afterAdd cordova-android@7.1.4
55 verbose afterAdd /home/luc/.npm/cordova-android/7.1.4/package/package.json not in flight; writing
56 verbose afterAdd /home/luc/.npm/cordova-android/7.1.4/package/package.json written
57 verbose addBundled extract /home/luc/.npm/cordova-android/7.1.4/package.tgz
58 verbose tar unpack /home/luc/.npm/cordova-android/7.1.4/package.tgz
59 verbose tar unpacking to /tmp/npm-1109-1cfec551/unpack-ad57ed2a
60 silly gentlyRm /tmp/npm-1109-1cfec551/unpack-ad57ed2a is being purged
61 verbose gentlyRm don't care about contents; nuking /tmp/npm-1109-1cfec551/unpack-ad57ed2a
62 silly gunzTarPerm modes [ '755', '644' ]
63 silly gunzTarPerm extractEntry package.json
64 silly gunzTarPerm extractEntry .eslintignore
65 silly gunzTarPerm extractEntry .eslintrc.yml
66 silly gunzTarPerm extractEntry .gitattributes
67 silly gunzTarPerm extractEntry .ratignore
68 silly gunzTarPerm extractEntry .reviewboardrc
69 silly gunzTarPerm extractEntry .travis.yml
70 silly gunzTarPerm extractEntry appveyor.yml
71 silly gunzTarPerm extractEntry CONTRIBUTING.md
72 silly gunzTarPerm extractEntry LICENSE
73 silly gunzTarPerm extractEntry NOTICE
74 silly gunzTarPerm extractEntry README.md
75 silly gunzTarPerm extractEntry RELEASENOTES.md
76 silly gunzTarPerm extractEntry VERSION
77 silly gunzTarPerm extractEntry .github/PULL_REQUEST_TEMPLATE.md
78 silly gunzTarPerm extractEntry bin/android_sdk_version
79 silly gunzTarPerm extractEntry bin/android_sdk_version.bat
80 silly gunzTarPerm extractEntry bin/check_reqs
81 silly gunzTarPerm extractEntry bin/check_reqs.bat
82 silly gunzTarPerm extractEntry bin/create
83 silly gunzTarPerm extractEntry bin/create.bat
84 silly gunzTarPerm extractEntry bin/lib/create.js
85 silly gunzTarPerm extractEntry bin/templates/cordova/Api.js
86 silly gunzTarPerm extractEntry bin/templates/cordova/build
87 silly gunzTarPerm extractEntry bin/templates/cordova/build.bat
88 silly gunzTarPerm extractEntry bin/templates/cordova/clean
89 silly gunzTarPerm extractEntry bin/templates/cordova/clean.bat
90 silly gunzTarPerm extractEntry bin/templates/cordova/defaults.xml
91 silly gunzTarPerm extractEntry bin/templates/cordova/lib/Adb.js
92 silly gunzTarPerm extractEntry bin/templates/cordova/lib/android_sdk.js
93 silly gunzTarPerm extractEntry bin/templates/cordova/lib/AndroidManifest.js
94 silly gunzTarPerm extractEntry bin/templates/cordova/lib/AndroidProject.js
95 silly gunzTarPerm extractEntry bin/templates/cordova/lib/AndroidStudio.js
96 silly gunzTarPerm extractEntry bin/templates/cordova/lib/build.js
97 silly gunzTarPerm extractEntry bin/templates/cordova/lib/builders/builders.js
98 silly gunzTarPerm extractEntry bin/templates/cordova/lib/builders/GenericBuilder.js
99 silly gunzTarPerm extractEntry bin/templates/cordova/lib/builders/GradleBuilder.js
100 silly gunzTarPerm extractEntry bin/templates/cordova/lib/builders/StudioBuilder.js
101 silly gunzTarPerm extractEntry bin/templates/cordova/lib/check_reqs.js
102 silly gunzTarPerm extractEntry bin/templates/cordova/lib/device.js
103 silly gunzTarPerm extractEntry bin/templates/cordova/lib/emulator.js
104 silly gunzTarPerm extractEntry bin/templates/cordova/lib/getASPath.bat
105 silly gunzTarPerm extractEntry bin/templates/cordova/lib/install-device
106 silly gunzTarPerm extractEntry bin/templates/cordova/lib/install-device.bat
107 silly gunzTarPerm extractEntry bin/templates/cordova/lib/install-emulator
108 silly gunzTarPerm extractEntry bin/templates/cordova/lib/install-emulator.bat
109 silly gunzTarPerm extractEntry bin/templates/cordova/lib/list-devices
110 silly gunzTarPerm extractEntry bin/templates/cordova/lib/list-devices.bat
111 silly gunzTarPerm extractEntry bin/templates/cordova/lib/list-emulator-images
112 silly gunzTarPerm extractEntry bin/templates/cordova/lib/list-emulator-images.bat
113 silly gunzTarPerm extractEntry bin/templates/cordova/lib/list-started-emulators
114 silly gunzTarPerm extractEntry bin/templates/cordova/lib/list-started-emulators.bat
115 silly gunzTarPerm extractEntry bin/templates/cordova/lib/log.js
116 silly gunzTarPerm extractEntry bin/templates/cordova/lib/plugin-build.gradle
117 silly gunzTarPerm extractEntry bin/templates/cordova/lib/pluginHandlers.js
118 silly gunzTarPerm extractEntry bin/templates/cordova/lib/prepare.js
119 silly gunzTarPerm extractEntry bin/templates/cordova/lib/retry.js
120 silly gunzTarPerm extractEntry bin/templates/cordova/lib/run.js
121 silly gunzTarPerm extractEntry bin/templates/cordova/lib/start-emulator
122 silly gunzTarPerm extractEntry bin/templates/cordova/lib/start-emulator.bat
123 silly gunzTarPerm extractEntry bin/templates/cordova/log
124 silly gunzTarPerm extractEntry bin/templates/cordova/log.bat
125 silly gunzTarPerm extractEntry bin/templates/cordova/loggingHelper.js
126 silly gunzTarPerm extractEntry bin/templates/cordova/run
127 silly gunzTarPerm extractEntry bin/templates/cordova/run.bat
128 silly gunzTarPerm extractEntry bin/templates/cordova/version
129 silly gunzTarPerm extractEntry bin/templates/cordova/version.bat
130 silly gunzTarPerm extractEntry bin/templates/project/Activity.java
131 silly gunzTarPerm extractEntry bin/templates/project/AndroidManifest.xml
132 silly gunzTarPerm extractEntry bin/templates/project/app/build.gradle
133 silly gunzTarPerm extractEntry bin/templates/project/assets/www/cordova.js
134 silly gunzTarPerm extractEntry bin/templates/project/assets/www/css/index.css
135 silly gunzTarPerm extractEntry bin/templates/project/assets/www/img/cordova.png
136 silly gunzTarPerm extractEntry bin/templates/project/assets/www/img/logo.png
137 silly gunzTarPerm extractEntry bin/templates/project/assets/www/index.html
138 silly gunzTarPerm extractEntry bin/templates/project/assets/www/js/index.js
139 silly gunzTarPerm extractEntry bin/templates/project/build.gradle
140 silly gunzTarPerm extractEntry bin/templates/project/gitignore
141 silly gunzTarPerm extractEntry bin/templates/project/legacy/build.gradle
142 silly gunzTarPerm extractEntry bin/templates/project/project.properties
143 silly gunzTarPerm extractEntry bin/templates/project/res/drawable-land-hdpi/screen.png
144 silly gunzTarPerm extractEntry bin/templates/project/res/drawable-land-ldpi/screen.png
145 silly gunzTarPerm extractEntry bin/templates/project/res/drawable-land-mdpi/screen.png
146 silly gunzTarPerm extractEntry bin/templates/project/res/drawable-land-xhdpi/screen.png
147 silly gunzTarPerm extractEntry bin/templates/project/res/drawable-land-xxhdpi/screen.png
148 silly gunzTarPerm extractEntry bin/templates/project/res/drawable-land-xxxhdpi/screen.png
149 silly gunzTarPerm extractEntry bin/templates/project/res/drawable-port-hdpi/screen.png
150 silly gunzTarPerm extractEntry bin/templates/project/res/drawable-port-ldpi/screen.png
151 silly gunzTarPerm extractEntry bin/templates/project/res/drawable-port-mdpi/screen.png
152 silly gunzTarPerm extractEntry bin/templates/project/res/drawable-port-xhdpi/screen.png
153 silly gunzTarPerm extractEntry bin/templates/project/res/drawable-port-xxhdpi/screen.png
154 silly gunzTarPerm extractEntry bin/templates/project/res/drawable-port-xxxhdpi/screen.png
155 silly gunzTarPerm extractEntry bin/templates/project/res/mipmap-hdpi/icon.png
156 silly gunzTarPerm extractEntry bin/templates/project/res/mipmap-ldpi/icon.png
157 silly gunzTarPerm extractEntry bin/templates/project/res/mipmap-mdpi/icon.png
158 silly gunzTarPerm extractEntry bin/templates/project/res/mipmap-xhdpi/icon.png
159 silly gunzTarPerm extractEntry bin/templates/project/res/mipmap-xxhdpi/icon.png
160 silly gunzTarPerm extractEntry bin/templates/project/res/mipmap-xxxhdpi/icon.png
161 silly gunzTarPerm extractEntry bin/templates/project/res/values/strings.xml
162 silly gunzTarPerm extractEntry bin/templates/project/res/xml/config.xml
163 silly gunzTarPerm extractEntry bin/templates/project/wrapper.gradle
164 silly gunzTarPerm extractEntry bin/update
165 silly gunzTarPerm extractEntry bin/update.bat
166 silly gunzTarPerm extractEntry cordova-js-src/android/nativeapiprovider.js
167 silly gunzTarPerm extractEntry cordova-js-src/android/promptbasednativeapi.js
168 silly gunzTarPerm extractEntry cordova-js-src/exec.js
169 silly gunzTarPerm extractEntry cordova-js-src/platform.js
170 silly gunzTarPerm extractEntry cordova-js-src/plugin/android/app.js
171 silly gunzTarPerm extractEntry framework/.classpath
172 silly gunzTarPerm extractEntry framework/.project
173 silly gunzTarPerm extractEntry framework/.settings/org.eclipse.jdt.core.prefs
174 silly gunzTarPerm extractEntry framework/AndroidManifest.xml
175 silly gunzTarPerm extractEntry framework/ant.properties
176 silly gunzTarPerm extractEntry framework/build.gradle
177 silly gunzTarPerm extractEntry framework/build.xml
178 silly gunzTarPerm extractEntry framework/cordova.gradle
179 silly gunzTarPerm extractEntry framework/gradle/wrapper/gradle-wrapper.properties
180 silly gunzTarPerm extractEntry framework/project.properties
181 silly gunzTarPerm extractEntry framework/src/org/apache/cordova/AuthenticationToken.java
182 silly gunzTarPerm extractEntry framework/src/org/apache/cordova/BuildHelper.java
183 silly gunzTarPerm extractEntry framework/src/org/apache/cordova/CallbackContext.java
184 silly gunzTarPerm extractEntry framework/src/org/apache/cordova/CallbackMap.java
185 silly gunzTarPerm extractEntry framework/src/org/apache/cordova/Config.java
186 silly gunzTarPerm extractEntry framework/src/org/apache/cordova/ConfigXmlParser.java
187 silly gunzTarPerm extractEntry framework/src/org/apache/cordova/CordovaActivity.java
188 silly gunzTarPerm extractEntry framework/src/org/apache/cordova/CordovaArgs.java
189 silly gunzTarPerm extractEntry framework/src/org/apache/cordova/CordovaBridge.java
190 silly gunzTarPerm extractEntry framework/src/org/apache/cordova/CordovaClientCertRequest.java
191 silly gunzTarPerm extractEntry framework/src/org/apache/cordova/CordovaDialogsHelper.java
192 silly gunzTarPerm extractEntry framework/src/org/apache/cordova/CordovaHttpAuthHandler.java
193 silly gunzTarPerm extractEntry framework/src/org/apache/cordova/CordovaInterface.java
194 silly gunzTarPerm extractEntry framework/src/org/apache/cordova/CordovaInterfaceImpl.java
195 silly gunzTarPerm extractEntry framework/src/org/apache/cordova/CordovaPlugin.java
196 silly gunzTarPerm extractEntry framework/src/org/apache/cordova/CordovaPreferences.java
197 silly gunzTarPerm extractEntry framework/src/org/apache/cordova/CordovaResourceApi.java
198 silly gunzTarPerm extractEntry framework/src/org/apache/cordova/CordovaWebView.java
199 silly gunzTarPerm extractEntry framework/src/org/apache/cordova/CordovaWebViewEngine.java
200 silly gunzTarPerm extractEntry framework/src/org/apache/cordova/CordovaWebViewImpl.java
201 silly gunzTarPerm extractEntry framework/src/org/apache/cordova/CoreAndroid.java
202 silly gunzTarPerm extractEntry framework/src/org/apache/cordova/engine/SystemCookieManager.java
203 silly gunzTarPerm extractEntry framework/src/org/apache/cordova/engine/SystemExposedJsApi.java
204 silly gunzTarPerm extractEntry framework/src/org/apache/cordova/engine/SystemWebChromeClient.java
205 silly gunzTarPerm extractEntry framework/src/org/apache/cordova/engine/SystemWebView.java
206 silly gunzTarPerm extractEntry framework/src/org/apache/cordova/engine/SystemWebViewClient.java
207 silly gunzTarPerm extractEntry framework/src/org/apache/cordova/engine/SystemWebViewEngine.java
208 silly gunzTarPerm extractEntry framework/src/org/apache/cordova/ExposedJsApi.java
209 silly gunzTarPerm extractEntry framework/src/org/apache/cordova/ICordovaClientCertRequest.java
210 silly gunzTarPerm extractEntry framework/src/org/apache/cordova/ICordovaCookieManager.java
211 silly gunzTarPerm extractEntry framework/src/org/apache/cordova/ICordovaHttpAuthHandler.java
212 silly gunzTarPerm extractEntry framework/src/org/apache/cordova/LOG.java
213 silly gunzTarPerm extractEntry framework/src/org/apache/cordova/NativeToJsMessageQueue.java
214 silly gunzTarPerm extractEntry framework/src/org/apache/cordova/PermissionHelper.java
215 silly gunzTarPerm extractEntry framework/src/org/apache/cordova/PluginEntry.java
216 silly gunzTarPerm extractEntry framework/src/org/apache/cordova/PluginManager.java
217 silly gunzTarPerm extractEntry framework/src/org/apache/cordova/PluginResult.java
218 silly gunzTarPerm extractEntry framework/src/org/apache/cordova/ResumeCallback.java
219 silly gunzTarPerm extractEntry framework/src/org/apache/cordova/Whitelist.java
220 silly gunzTarPerm extractEntry spec/.eslintrc.yml
221 silly gunzTarPerm extractEntry spec/e2e/fixtures/cordova-plugin-fake-ios-frameworks/plugin.xml
222 silly gunzTarPerm extractEntry spec/e2e/fixtures/cordova-plugin-fake/platforms/android/FakeLib/project.properties
223 silly gunzTarPerm extractEntry spec/e2e/fixtures/cordova-plugin-fake/plugin.xml
224 silly gunzTarPerm extractEntry spec/e2e/helpers/projectActions.js
225 silly gunzTarPerm extractEntry spec/e2e/jasmine.json
226 silly gunzTarPerm extractEntry spec/e2e/plugin.spec.js
227 silly gunzTarPerm extractEntry spec/fixtures/android_studio_project/app/build.gradle
228 silly gunzTarPerm extractEntry spec/fixtures/android_studio_project/app/proguard-rules.pro
229 silly gunzTarPerm extractEntry spec/fixtures/android_studio_project/app/src/main/AndroidManifest.xml
230 silly gunzTarPerm extractEntry spec/fixtures/android_studio_project/app/src/main/res/layout/activity_main.xml
231 silly gunzTarPerm extractEntry spec/fixtures/android_studio_project/app/src/main/res/mipmap-hdpi/ic_launcher.png
232 silly gunzTarPerm extractEntry spec/fixtures/android_studio_project/app/src/main/res/mipmap-mdpi/ic_launcher.png
233 silly gunzTarPerm extractEntry spec/fixtures/android_studio_project/app/src/main/res/mipmap-xhdpi/ic_launcher.png
234 silly gunzTarPerm extractEntry spec/fixtures/android_studio_project/app/src/main/res/mipmap-xxhdpi/ic_launcher.png
235 silly gunzTarPerm extractEntry spec/fixtures/android_studio_project/app/src/main/res/mipmap-xxxhdpi/ic_launcher.png
236 silly gunzTarPerm extractEntry spec/fixtures/android_studio_project/app/src/main/res/values-w820dp/dimens.xml
237 silly gunzTarPerm extractEntry spec/fixtures/android_studio_project/app/src/main/res/values/colors.xml
238 silly gunzTarPerm extractEntry spec/fixtures/android_studio_project/app/src/main/res/values/dimens.xml
239 silly gunzTarPerm extractEntry spec/fixtures/android_studio_project/app/src/main/res/values/strings.xml
240 silly gunzTarPerm extractEntry spec/fixtures/android_studio_project/app/src/main/res/values/styles.xml
241 silly gunzTarPerm extractEntry spec/fixtures/android_studio_project/build.gradle
242 silly gunzTarPerm extractEntry spec/fixtures/android_studio_project/gradle.properties
243 silly gunzTarPerm extractEntry spec/fixtures/android_studio_project/gradle/wrapper/gradle-wrapper.properties
244 silly gunzTarPerm extractEntry spec/fixtures/android_studio_project/gradlew
245 silly gunzTarPerm extractEntry spec/fixtures/android_studio_project/gradlew.bat
246 silly gunzTarPerm extractEntry spec/fixtures/android_studio_project/settings.gradle
247 silly gunzTarPerm extractEntry spec/fixtures/org.test.plugins.dummyplugin/android-resource.xml
248 silly gunzTarPerm extractEntry spec/fixtures/org.test.plugins.dummyplugin/extra.gradle
249 silly gunzTarPerm extractEntry spec/fixtures/org.test.plugins.dummyplugin/plugin-lib/AndroidManifest.xml
250 silly gunzTarPerm extractEntry spec/fixtures/org.test.plugins.dummyplugin/plugin-lib/libFile
251 silly gunzTarPerm extractEntry spec/fixtures/org.test.plugins.dummyplugin/plugin-lib/project.properties
252 silly gunzTarPerm extractEntry spec/fixtures/org.test.plugins.dummyplugin/plugin-lib2/AndroidManifest.xml
253 silly gunzTarPerm extractEntry spec/fixtures/org.test.plugins.dummyplugin/plugin-lib2/libFile
254 silly gunzTarPerm extractEntry spec/fixtures/org.test.plugins.dummyplugin/plugin-lib2/project.properties
255 silly gunzTarPerm extractEntry spec/fixtures/org.test.plugins.dummyplugin/plugin.xml
256 silly gunzTarPerm extractEntry spec/fixtures/org.test.plugins.dummyplugin/src/android/DummyPlugin.java
257 silly gunzTarPerm extractEntry spec/fixtures/org.test.plugins.dummyplugin/src/android/DummyPlugin2.java
258 silly gunzTarPerm extractEntry spec/fixtures/org.test.plugins.dummyplugin/src/android/jniLibs/x86/libnative.so
259 silly gunzTarPerm extractEntry spec/fixtures/org.test.plugins.dummyplugin/src/android/myapi.aidl
260 silly gunzTarPerm extractEntry spec/fixtures/org.test.plugins.dummyplugin/src/android/mysettings.xml
261 silly gunzTarPerm extractEntry spec/fixtures/org.test.plugins.dummyplugin/src/android/other.extension
262 silly gunzTarPerm extractEntry spec/fixtures/org.test.plugins.dummyplugin/src/android/TestAar.aar
263 silly gunzTarPerm extractEntry spec/fixtures/org.test.plugins.dummyplugin/src/android/testaar2.aar
264 silly gunzTarPerm extractEntry spec/fixtures/org.test.plugins.dummyplugin/src/android/TestLib.jar
265 silly gunzTarPerm extractEntry spec/fixtures/org.test.plugins.dummyplugin/www/dummyplugin.js
266 silly gunzTarPerm extractEntry spec/fixtures/org.test.plugins.dummyplugin/www/dummyplugin/image.jpg
267 silly gunzTarPerm extractEntry spec/fixtures/org.test.plugins.faultyplugin/plugin.xml
268 silly gunzTarPerm extractEntry spec/fixtures/org.test.plugins.faultyplugin/src/android/FaultyPlugin.java
269 silly gunzTarPerm extractEntry spec/fixtures/sdk25.2-android_list_avd.txt
270 silly gunzTarPerm extractEntry spec/fixtures/sdk25.2-android_list_targets.txt
271 silly gunzTarPerm extractEntry spec/fixtures/sdk25.3-avdmanager_list_avd.txt
272 silly gunzTarPerm extractEntry spec/fixtures/sdk25.3-avdmanager_list_target.txt
273 silly gunzTarPerm extractEntry spec/unit/android_sdk.spec.js
274 silly gunzTarPerm extractEntry spec/unit/AndroidStudio.spec.js
275 silly gunzTarPerm extractEntry spec/unit/Api.spec.js
276 silly gunzTarPerm extractEntry spec/unit/builders/GradleBuilder.spec.js
277 silly gunzTarPerm extractEntry spec/unit/check_reqs.spec.js
278 silly gunzTarPerm extractEntry spec/unit/create.spec.js
279 silly gunzTarPerm extractEntry spec/unit/emulator.spec.js
280 silly gunzTarPerm extractEntry spec/unit/jasmine.json
281 silly gunzTarPerm extractEntry spec/unit/pluginHandlers/common.spec.js
282 silly gunzTarPerm extractEntry spec/unit/pluginHandlers/handlers.spec.js
283 silly gunzTarPerm extractEntry spec/unit/run.spec.js
284 silly gunzTarPerm extractEntry test/app/build.gradle
285 silly gunzTarPerm extractEntry test/app/proguard-rules.pro
286 silly gunzTarPerm extractEntry test/app/src/androidTest/java/org/apache/cordova/unittests/BackButtonMultipageTest.java
287 silly gunzTarPerm extractEntry test/app/src/androidTest/java/org/apache/cordova/unittests/EmbeddedWebViewTest.java
288 silly gunzTarPerm extractEntry test/app/src/androidTest/java/org/apache/cordova/unittests/ErrorUrlTest.java
289 silly gunzTarPerm extractEntry test/app/src/androidTest/java/org/apache/cordova/unittests/IFrameTest.java
290 silly gunzTarPerm extractEntry test/app/src/androidTest/java/org/apache/cordova/unittests/MessageChannelMultipageTest.java
291 silly gunzTarPerm extractEntry test/app/src/androidTest/java/org/apache/cordova/unittests/StandardActivityTest.java
292 silly gunzTarPerm extractEntry test/app/src/main/AndroidManifest.xml
293 silly gunzTarPerm extractEntry test/app/src/main/assets/www/backbuttonmultipage/index.html
294 silly gunzTarPerm extractEntry test/app/src/main/assets/www/backbuttonmultipage/sample2.html
295 silly gunzTarPerm extractEntry test/app/src/main/assets/www/backbuttonmultipage/sample3.html
296 silly gunzTarPerm extractEntry test/app/src/main/assets/www/backgroundcolor/index.html
297 silly gunzTarPerm extractEntry test/app/src/main/assets/www/cordova_plugins.js
298 silly gunzTarPerm extractEntry test/app/src/main/assets/www/cordova.js
299 silly gunzTarPerm extractEntry test/app/src/main/assets/www/fullscreen/index.html
300 silly gunzTarPerm extractEntry test/app/src/main/assets/www/htmlnotfound/error.html
301 silly gunzTarPerm extractEntry test/app/src/main/assets/www/iframe/index.html
302 silly gunzTarPerm extractEntry test/app/src/main/assets/www/iframe/index2.html
303 silly gunzTarPerm extractEntry test/app/src/main/assets/www/index.html
304 silly gunzTarPerm extractEntry test/app/src/main/assets/www/lifecycle/index.html
305 silly gunzTarPerm extractEntry test/app/src/main/assets/www/lifecycle/index2.html
306 silly gunzTarPerm extractEntry test/app/src/main/assets/www/main.js
307 silly gunzTarPerm extractEntry test/app/src/main/assets/www/master.css
308 silly gunzTarPerm extractEntry test/app/src/main/assets/www/whitelist/index.html
309 silly gunzTarPerm extractEntry test/app/src/main/assets/www/whitelist/index2.html
310 silly gunzTarPerm extractEntry test/app/src/main/java/org/apache/cordova/unittests/EmbeddedWebViewActivity.java
311 silly gunzTarPerm extractEntry test/app/src/main/java/org/apache/cordova/unittests/LifeCyclePlugin.java
312 silly gunzTarPerm extractEntry test/app/src/main/java/org/apache/cordova/unittests/StandardActivity.java
313 silly gunzTarPerm extractEntry test/app/src/main/java/org/apache/cordova/unittests/TestActivity.java
314 silly gunzTarPerm extractEntry test/app/src/main/res/layout/activity_main.xml
315 silly gunzTarPerm extractEntry test/app/src/main/res/mipmap-hdpi/ic_launcher.png
316 silly gunzTarPerm extractEntry test/app/src/main/res/mipmap-mdpi/ic_launcher.png
317 silly gunzTarPerm extractEntry test/app/src/main/res/mipmap-xhdpi/ic_launcher.png
318 silly gunzTarPerm extractEntry test/app/src/main/res/mipmap-xxhdpi/ic_launcher.png
319 silly gunzTarPerm extractEntry test/app/src/main/res/mipmap-xxxhdpi/ic_launcher.png
320 silly gunzTarPerm extractEntry test/app/src/main/res/values-w820dp/dimens.xml
321 silly gunzTarPerm extractEntry test/app/src/main/res/values/colors.xml
322 silly gunzTarPerm extractEntry test/app/src/main/res/values/dimens.xml
323 silly gunzTarPerm extractEntry test/app/src/main/res/values/strings.xml
324 silly gunzTarPerm extractEntry test/app/src/main/res/values/styles.xml
325 silly gunzTarPerm extractEntry test/app/src/main/res/xml/config.xml
326 silly gunzTarPerm extractEntry test/app/src/test/java/org/apache/cordova/unittests/NativeToJsMessageQueueTest.java
327 silly gunzTarPerm extractEntry test/gradle.properties
328 silly gunzTarPerm extractEntry test/README.md
329 silly gunzTarPerm extractEntry test/run_java_unit_tests.js
330 silly gunzTarPerm extractEntry test/settings.gradle
331 silly gunzTarPerm extractEntry node_modules/abbrev/abbrev.js
332 silly gunzTarPerm extractEntry node_modules/abbrev/LICENSE
333 silly gunzTarPerm extractEntry node_modules/abbrev/package.json
334 silly gunzTarPerm extractEntry node_modules/abbrev/README.md
335 silly gunzTarPerm extractEntry node_modules/android-versions/.jshintignore
336 silly gunzTarPerm extractEntry node_modules/android-versions/.jshintrc
337 silly gunzTarPerm extractEntry node_modules/android-versions/.travis.yml
338 silly gunzTarPerm extractEntry node_modules/android-versions/index.js
339 silly gunzTarPerm extractEntry node_modules/android-versions/package.json
340 silly gunzTarPerm extractEntry node_modules/android-versions/README.md
341 silly gunzTarPerm extractEntry node_modules/android-versions/tests/index.test.js
342 silly gunzTarPerm extractEntry node_modules/ansi/.jshintrc
343 silly gunzTarPerm extractEntry node_modules/ansi/.npmignore
344 silly gunzTarPerm extractEntry node_modules/ansi/examples/beep/index.js
345 silly gunzTarPerm extractEntry node_modules/ansi/examples/clear/index.js
346 silly gunzTarPerm extractEntry node_modules/ansi/examples/cursorPosition.js
347 silly gunzTarPerm extractEntry node_modules/ansi/examples/progress/index.js
348 silly gunzTarPerm extractEntry node_modules/ansi/History.md
349 silly gunzTarPerm extractEntry node_modules/ansi/lib/ansi.js
350 silly gunzTarPerm extractEntry node_modules/ansi/lib/newlines.js
351 silly gunzTarPerm extractEntry node_modules/ansi/LICENSE
352 silly gunzTarPerm extractEntry node_modules/ansi/package.json
353 silly gunzTarPerm extractEntry node_modules/ansi/README.md
354 silly gunzTarPerm extractEntry node_modules/balanced-match/.npmignore
355 silly gunzTarPerm extractEntry node_modules/balanced-match/index.js
356 silly gunzTarPerm extractEntry node_modules/balanced-match/LICENSE.md
357 silly gunzTarPerm extractEntry node_modules/balanced-match/package.json
358 silly gunzTarPerm extractEntry node_modules/balanced-match/README.md
359 silly gunzTarPerm extractEntry node_modules/base64-js/base64js.min.js
360 silly gunzTarPerm extractEntry node_modules/base64-js/index.js
361 silly gunzTarPerm extractEntry node_modules/base64-js/LICENSE
362 silly gunzTarPerm extractEntry node_modules/base64-js/package.json
363 silly gunzTarPerm extractEntry node_modules/base64-js/README.md
364 silly gunzTarPerm extractEntry node_modules/base64-js/test/big-data.js
365 silly gunzTarPerm extractEntry node_modules/base64-js/test/convert.js
366 silly gunzTarPerm extractEntry node_modules/base64-js/test/url-safe.js
367 silly gunzTarPerm extractEntry node_modules/big-integer/BigInteger.d.ts
368 silly gunzTarPerm extractEntry node_modules/big-integer/BigInteger.js
369 silly gunzTarPerm extractEntry node_modules/big-integer/BigInteger.min.js
370 silly gunzTarPerm extractEntry node_modules/big-integer/bower.json
371 silly gunzTarPerm extractEntry node_modules/big-integer/LICENSE
372 silly gunzTarPerm extractEntry node_modules/big-integer/package.json
373 silly gunzTarPerm extractEntry node_modules/big-integer/README.md
374 silly gunzTarPerm extractEntry node_modules/big-integer/tsconfig.json
375 silly gunzTarPerm extractEntry node_modules/bplist-parser/.npmignore
376 silly gunzTarPerm extractEntry node_modules/bplist-parser/bplistParser.js
377 silly gunzTarPerm extractEntry node_modules/bplist-parser/package.json
378 silly gunzTarPerm extractEntry node_modules/bplist-parser/README.md
379 silly gunzTarPerm extractEntry node_modules/bplist-parser/test/airplay.bplist
380 silly gunzTarPerm extractEntry node_modules/bplist-parser/test/int64.bplist
381 silly gunzTarPerm extractEntry node_modules/bplist-parser/test/int64.xml
382 silly gunzTarPerm extractEntry node_modules/bplist-parser/test/iTunes-small.bplist
383 silly gunzTarPerm extractEntry node_modules/bplist-parser/test/parseTest.js
384 silly gunzTarPerm extractEntry node_modules/bplist-parser/test/sample1.bplist
385 silly gunzTarPerm extractEntry node_modules/bplist-parser/test/sample2.bplist
386 silly gunzTarPerm extractEntry node_modules/bplist-parser/test/uid.bplist
387 silly gunzTarPerm extractEntry node_modules/bplist-parser/test/utf16_chinese.plist
388 silly gunzTarPerm extractEntry node_modules/bplist-parser/test/utf16.bplist
389 silly gunzTarPerm extractEntry node_modules/brace-expansion/index.js
390 silly gunzTarPerm extractEntry node_modules/brace-expansion/LICENSE
391 silly gunzTarPerm extractEntry node_modules/brace-expansion/package.json
392 silly gunzTarPerm extractEntry node_modules/brace-expansion/README.md
393 silly gunzTarPerm extractEntry node_modules/concat-map/.travis.yml
394 silly gunzTarPerm extractEntry node_modules/concat-map/index.js
395 silly gunzTarPerm extractEntry node_modules/concat-map/LICENSE
396 silly gunzTarPerm extractEntry node_modules/concat-map/package.json
397 silly gunzTarPerm extractEntry node_modules/concat-map/README.markdown
398 silly gunzTarPerm extractEntry node_modules/concat-map/test/map.js
399 silly gunzTarPerm extractEntry node_modules/cordova-common/.eslintignore
400 silly gunzTarPerm extractEntry node_modules/cordova-common/.eslintrc.yml
401 silly gunzTarPerm extractEntry node_modules/cordova-common/.github/PULL_REQUEST_TEMPLATE.md
402 silly gunzTarPerm extractEntry node_modules/cordova-common/.npmignore
403 silly gunzTarPerm extractEntry node_modules/cordova-common/.ratignore
404 silly gunzTarPerm extractEntry node_modules/cordova-common/.travis.yml
405 silly gunzTarPerm extractEntry node_modules/cordova-common/appveyor.yml
406 silly gunzTarPerm extractEntry node_modules/cordova-common/cordova-common.js
407 silly gunzTarPerm extractEntry node_modules/cordova-common/package.json
408 silly gunzTarPerm extractEntry node_modules/cordova-common/README.md
409 silly gunzTarPerm extractEntry node_modules/cordova-common/RELEASENOTES.md
410 silly gunzTarPerm extractEntry node_modules/cordova-common/src/ActionStack.js
411 silly gunzTarPerm extractEntry node_modules/cordova-common/src/ConfigChanges/ConfigChanges.js
412 silly gunzTarPerm extractEntry node_modules/cordova-common/src/ConfigChanges/ConfigFile.js
413 silly gunzTarPerm extractEntry node_modules/cordova-common/src/ConfigChanges/ConfigKeeper.js
414 silly gunzTarPerm extractEntry node_modules/cordova-common/src/ConfigChanges/munge-util.js
415 silly gunzTarPerm extractEntry node_modules/cordova-common/src/ConfigParser/ConfigParser.js
416 silly gunzTarPerm extractEntry node_modules/cordova-common/src/CordovaCheck.js
417 silly gunzTarPerm extractEntry node_modules/cordova-common/src/CordovaError/CordovaError.js
418 silly gunzTarPerm extractEntry node_modules/cordova-common/src/CordovaError/CordovaExternalToolErrorContext.js
419 silly gunzTarPerm extractEntry node_modules/cordova-common/src/CordovaLogger.js
420 silly gunzTarPerm extractEntry node_modules/cordova-common/src/events.js
421 silly gunzTarPerm extractEntry node_modules/cordova-common/src/FileUpdater.js
422 silly gunzTarPerm extractEntry node_modules/cordova-common/src/PlatformJson.js
423 silly gunzTarPerm extractEntry node_modules/cordova-common/src/PluginInfo/PluginInfo.js
424 silly gunzTarPerm extractEntry node_modules/cordova-common/src/PluginInfo/PluginInfoProvider.js
425 silly gunzTarPerm extractEntry node_modules/cordova-common/src/PluginManager.js
426 silly gunzTarPerm extractEntry node_modules/cordova-common/src/superspawn.js
427 silly gunzTarPerm extractEntry node_modules/cordova-common/src/util/addProperty.js
428 silly gunzTarPerm extractEntry node_modules/cordova-common/src/util/plist-helpers.js
429 silly gunzTarPerm extractEntry node_modules/cordova-common/src/util/xml-helpers.js
430 silly gunzTarPerm extractEntry node_modules/cordova-registry-mapper/.npmignore
431 silly gunzTarPerm extractEntry node_modules/cordova-registry-mapper/.travis.yml
432 silly gunzTarPerm extractEntry node_modules/cordova-registry-mapper/index.js
433 silly gunzTarPerm extractEntry node_modules/cordova-registry-mapper/package.json
434 silly gunzTarPerm extractEntry node_modules/cordova-registry-mapper/README.md
435 silly gunzTarPerm extractEntry node_modules/cordova-registry-mapper/tests/test.js
436 silly gunzTarPerm extractEntry node_modules/elementtree/.npmignore
437 silly gunzTarPerm extractEntry node_modules/elementtree/.travis.yml
438 silly gunzTarPerm extractEntry node_modules/elementtree/CHANGES.md
439 silly gunzTarPerm extractEntry node_modules/elementtree/lib/constants.js
440 silly gunzTarPerm extractEntry node_modules/elementtree/lib/elementpath.js
441 silly gunzTarPerm extractEntry node_modules/elementtree/lib/elementtree.js
442 silly gunzTarPerm extractEntry node_modules/elementtree/lib/errors.js
443 silly gunzTarPerm extractEntry node_modules/elementtree/lib/parser.js
444 silly gunzTarPerm extractEntry node_modules/elementtree/lib/parsers/index.js
445 silly gunzTarPerm extractEntry node_modules/elementtree/lib/parsers/sax.js
446 silly gunzTarPerm extractEntry node_modules/elementtree/lib/sprintf.js
447 silly gunzTarPerm extractEntry node_modules/elementtree/lib/treebuilder.js
448 silly gunzTarPerm extractEntry node_modules/elementtree/lib/utils.js
449 silly gunzTarPerm extractEntry node_modules/elementtree/LICENSE.txt
450 silly gunzTarPerm extractEntry node_modules/elementtree/Makefile
451 silly gunzTarPerm extractEntry node_modules/elementtree/NOTICE
452 silly gunzTarPerm extractEntry node_modules/elementtree/package.json
453 silly gunzTarPerm extractEntry node_modules/elementtree/README.md
454 silly gunzTarPerm extractEntry node_modules/elementtree/tests/data/xml1.xml
455 silly gunzTarPerm extractEntry node_modules/elementtree/tests/data/xml2.xml
456 silly gunzTarPerm extractEntry node_modules/elementtree/tests/test-simple.js
457 silly gunzTarPerm extractEntry node_modules/glob/common.js
458 silly gunzTarPerm extractEntry node_modules/glob/glob.js
459 silly gunzTarPerm extractEntry node_modules/glob/LICENSE
460 silly gunzTarPerm extractEntry node_modules/glob/package.json
461 silly gunzTarPerm extractEntry node_modules/glob/README.md
462 silly gunzTarPerm extractEntry node_modules/glob/sync.js
463 silly gunzTarPerm extractEntry node_modules/inflight/inflight.js
464 silly gunzTarPerm extractEntry node_modules/inflight/LICENSE
465 silly gunzTarPerm extractEntry node_modules/inflight/package.json
466 silly gunzTarPerm extractEntry node_modules/inflight/README.md
467 silly gunzTarPerm extractEntry node_modules/inherits/inherits_browser.js
468 silly gunzTarPerm extractEntry node_modules/inherits/inherits.js
469 silly gunzTarPerm extractEntry node_modules/inherits/LICENSE
470 silly gunzTarPerm extractEntry node_modules/inherits/package.json
471 silly gunzTarPerm extractEntry node_modules/inherits/README.md
472 silly gunzTarPerm extractEntry node_modules/minimatch/LICENSE
473 silly gunzTarPerm extractEntry node_modules/minimatch/minimatch.js
474 silly gunzTarPerm extractEntry node_modules/minimatch/package.json
475 silly gunzTarPerm extractEntry node_modules/minimatch/README.md
476 silly gunzTarPerm extractEntry node_modules/nopt/.npmignore
477 silly gunzTarPerm extractEntry node_modules/nopt/bin/nopt.js
478 silly gunzTarPerm extractEntry node_modules/nopt/examples/my-program.js
479 silly gunzTarPerm extractEntry node_modules/nopt/lib/nopt.js
480 silly gunzTarPerm extractEntry node_modules/nopt/LICENSE
481 silly gunzTarPerm extractEntry node_modules/nopt/package.json
482 silly gunzTarPerm extractEntry node_modules/nopt/README.md
483 silly gunzTarPerm extractEntry node_modules/nopt/test/basic.js
484 silly gunzTarPerm extractEntry node_modules/once/LICENSE
485 silly gunzTarPerm extractEntry node_modules/once/once.js
486 silly gunzTarPerm extractEntry node_modules/once/package.json
487 silly gunzTarPerm extractEntry node_modules/once/README.md
488 silly gunzTarPerm extractEntry node_modules/path-is-absolute/index.js
489 silly gunzTarPerm extractEntry node_modules/path-is-absolute/license
490 silly gunzTarPerm extractEntry node_modules/path-is-absolute/package.json
491 silly gunzTarPerm extractEntry node_modules/path-is-absolute/readme.md
492 silly gunzTarPerm extractEntry node_modules/plist/.jshintrc
493 silly gunzTarPerm extractEntry node_modules/plist/.travis.yml
494 silly gunzTarPerm extractEntry node_modules/plist/dist/plist-build.js
495 silly gunzTarPerm extractEntry node_modules/plist/dist/plist-parse.js
496 silly gunzTarPerm extractEntry node_modules/plist/dist/plist.js
497 silly gunzTarPerm extractEntry node_modules/plist/examples/browser/index.html
498 silly gunzTarPerm extractEntry node_modules/plist/History.md
499 silly gunzTarPerm extractEntry node_modules/plist/index.js
500 silly gunzTarPerm extractEntry node_modules/plist/lib/build.js
501 silly gunzTarPerm extractEntry node_modules/plist/lib/parse.js
502 silly gunzTarPerm extractEntry node_modules/plist/LICENSE
503 silly gunzTarPerm extractEntry node_modules/plist/Makefile
504 silly gunzTarPerm extractEntry node_modules/plist/package.json
505 silly gunzTarPerm extractEntry node_modules/plist/README.md
506 silly gunzTarPerm extractEntry node_modules/properties-parser/index.js
507 silly gunzTarPerm extractEntry node_modules/properties-parser/package.json
508 silly gunzTarPerm extractEntry node_modules/properties-parser/play-ground.js
509 silly gunzTarPerm extractEntry node_modules/properties-parser/README.markdown
510 silly gunzTarPerm extractEntry node_modules/q/CHANGES.md
511 silly gunzTarPerm extractEntry node_modules/q/LICENSE
512 silly gunzTarPerm extractEntry node_modules/q/package.json
513 silly gunzTarPerm extractEntry node_modules/q/q.js
514 silly gunzTarPerm extractEntry node_modules/q/queue.js
515 silly gunzTarPerm extractEntry node_modules/q/README.md
516 silly gunzTarPerm extractEntry node_modules/sax/AUTHORS
517 silly gunzTarPerm extractEntry node_modules/sax/examples/big-not-pretty.xml
518 silly gunzTarPerm extractEntry node_modules/sax/examples/example.js
519 silly gunzTarPerm extractEntry node_modules/sax/examples/get-products.js
520 silly gunzTarPerm extractEntry node_modules/sax/examples/hello-world.js
521 silly gunzTarPerm extractEntry node_modules/sax/examples/not-pretty.xml
522 silly gunzTarPerm extractEntry node_modules/sax/examples/pretty-print.js
523 silly gunzTarPerm extractEntry node_modules/sax/examples/shopping.xml
524 silly gunzTarPerm extractEntry node_modules/sax/examples/strict.dtd
525 silly gunzTarPerm extractEntry node_modules/sax/examples/switch-bench.js
526 silly gunzTarPerm extractEntry node_modules/sax/examples/test.html
527 silly gunzTarPerm extractEntry node_modules/sax/examples/test.xml
528 silly gunzTarPerm extractEntry node_modules/sax/lib/sax.js
529 silly gunzTarPerm extractEntry node_modules/sax/LICENSE
530 silly gunzTarPerm extractEntry node_modules/sax/package.json
531 silly gunzTarPerm extractEntry node_modules/sax/README.md
532 silly gunzTarPerm extractEntry node_modules/sax/test/buffer-overrun.js
533 silly gunzTarPerm extractEntry node_modules/sax/test/cdata-chunked.js
534 silly gunzTarPerm extractEntry node_modules/sax/test/cdata-end-split.js
535 silly gunzTarPerm extractEntry node_modules/sax/test/cdata-fake-end.js
536 silly gunzTarPerm extractEntry node_modules/sax/test/cdata-multiple.js
537 silly gunzTarPerm extractEntry node_modules/sax/test/cdata.js
538 silly gunzTarPerm extractEntry node_modules/sax/test/index.js
539 silly gunzTarPerm extractEntry node_modules/sax/test/issue-23.js
540 silly gunzTarPerm extractEntry node_modules/sax/test/issue-30.js
541 silly gunzTarPerm extractEntry node_modules/sax/test/issue-35.js
542 silly gunzTarPerm extractEntry node_modules/sax/test/issue-47.js
543 silly gunzTarPerm extractEntry node_modules/sax/test/issue-49.js
544 silly gunzTarPerm extractEntry node_modules/sax/test/parser-position.js
545 silly gunzTarPerm extractEntry node_modules/sax/test/script.js
546 silly gunzTarPerm extractEntry node_modules/sax/test/self-closing-child-strict.js
547 silly gunzTarPerm extractEntry node_modules/sax/test/self-closing-child.js
548 silly gunzTarPerm extractEntry node_modules/sax/test/self-closing-tag.js
549 silly gunzTarPerm extractEntry node_modules/sax/test/stray-ending.js
550 silly gunzTarPerm extractEntry node_modules/sax/test/trailing-non-whitespace.js
551 silly gunzTarPerm extractEntry node_modules/sax/test/unquoted.js
552 silly gunzTarPerm extractEntry node_modules/sax/test/xmlns-issue-41.js
553 silly gunzTarPerm extractEntry node_modules/sax/test/xmlns-rebinding.js
554 silly gunzTarPerm extractEntry node_modules/sax/test/xmlns-strict.js
555 silly gunzTarPerm extractEntry node_modules/sax/test/xmlns-unbound.js
556 silly gunzTarPerm extractEntry node_modules/sax/test/xmlns-xml-default-prefix-attribute.js
557 silly gunzTarPerm extractEntry node_modules/sax/test/xmlns-xml-default-prefix.js
558 silly gunzTarPerm extractEntry node_modules/sax/test/xmlns-xml-default-redefine.js
559 silly gunzTarPerm extractEntry node_modules/semver/bin/semver
560 silly gunzTarPerm extractEntry node_modules/semver/LICENSE
561 silly gunzTarPerm extractEntry node_modules/semver/package.json
562 silly gunzTarPerm extractEntry node_modules/semver/range.bnf
563 silly gunzTarPerm extractEntry node_modules/semver/README.md
564 silly gunzTarPerm extractEntry node_modules/semver/semver.js
565 silly gunzTarPerm extractEntry node_modules/shelljs/.documentup.json
566 silly gunzTarPerm extractEntry node_modules/shelljs/.jshintrc
567 silly gunzTarPerm extractEntry node_modules/shelljs/.npmignore
568 silly gunzTarPerm extractEntry node_modules/shelljs/.travis.yml
569 silly gunzTarPerm extractEntry node_modules/shelljs/bin/shjs
570 silly gunzTarPerm extractEntry node_modules/shelljs/global.js
571 silly gunzTarPerm extractEntry node_modules/shelljs/LICENSE
572 silly gunzTarPerm extractEntry node_modules/shelljs/make.js
573 silly gunzTarPerm extractEntry node_modules/shelljs/package.json
574 silly gunzTarPerm extractEntry node_modules/shelljs/README.md
575 silly gunzTarPerm extractEntry node_modules/shelljs/RELEASE.md
576 silly gunzTarPerm extractEntry node_modules/shelljs/scripts/generate-docs.js
577 silly gunzTarPerm extractEntry node_modules/shelljs/scripts/run-tests.js
578 silly gunzTarPerm extractEntry node_modules/shelljs/shell.js
579 silly gunzTarPerm extractEntry node_modules/shelljs/src/cat.js
580 silly gunzTarPerm extractEntry node_modules/shelljs/src/cd.js
581 silly gunzTarPerm extractEntry node_modules/shelljs/src/chmod.js
582 silly gunzTarPerm extractEntry node_modules/shelljs/src/common.js
583 silly gunzTarPerm extractEntry node_modules/shelljs/src/cp.js
584 silly gunzTarPerm extractEntry node_modules/shelljs/src/dirs.js
585 silly gunzTarPerm extractEntry node_modules/shelljs/src/echo.js
586 silly gunzTarPerm extractEntry node_modules/shelljs/src/error.js
587 silly gunzTarPerm extractEntry node_modules/shelljs/src/exec.js
588 silly gunzTarPerm extractEntry node_modules/shelljs/src/find.js
589 silly gunzTarPerm extractEntry node_modules/shelljs/src/grep.js
590 silly gunzTarPerm extractEntry node_modules/shelljs/src/ln.js
591 silly gunzTarPerm extractEntry node_modules/shelljs/src/ls.js
592 silly gunzTarPerm extractEntry node_modules/shelljs/src/mkdir.js
593 silly gunzTarPerm extractEntry node_modules/shelljs/src/mv.js
594 silly gunzTarPerm extractEntry node_modules/shelljs/src/popd.js
595 silly gunzTarPerm extractEntry node_modules/shelljs/src/pushd.js
596 silly gunzTarPerm extractEntry node_modules/shelljs/src/pwd.js
597 silly gunzTarPerm extractEntry node_modules/shelljs/src/rm.js
598 silly gunzTarPerm extractEntry node_modules/shelljs/src/sed.js
599 silly gunzTarPerm extractEntry node_modules/shelljs/src/tempdir.js
600 silly gunzTarPerm extractEntry node_modules/shelljs/src/test.js
601 silly gunzTarPerm extractEntry node_modules/shelljs/src/to.js
602 silly gunzTarPerm extractEntry node_modules/shelljs/src/toEnd.js
603 silly gunzTarPerm extractEntry node_modules/shelljs/src/which.js
604 silly gunzTarPerm extractEntry node_modules/underscore/LICENSE
605 silly gunzTarPerm extractEntry node_modules/underscore/package.json
606 silly gunzTarPerm extractEntry node_modules/underscore/README.md
607 silly gunzTarPerm extractEntry node_modules/underscore/underscore-min.js
608 silly gunzTarPerm extractEntry node_modules/underscore/underscore-min.js.map
609 silly gunzTarPerm extractEntry node_modules/underscore/underscore.js
610 silly gunzTarPerm extractEntry node_modules/unorm/lib/unorm.js
611 silly gunzTarPerm extractEntry node_modules/unorm/LICENSE.md
612 silly gunzTarPerm extractEntry node_modules/unorm/package.json
613 silly gunzTarPerm extractEntry node_modules/unorm/README.md
614 silly gunzTarPerm extractEntry node_modules/wrappy/LICENSE
615 silly gunzTarPerm extractEntry node_modules/wrappy/package.json
616 silly gunzTarPerm extractEntry node_modules/wrappy/README.md
617 silly gunzTarPerm extractEntry node_modules/wrappy/wrappy.js
618 silly gunzTarPerm extractEntry node_modules/xmlbuilder/.npmignore
619 silly gunzTarPerm extractEntry node_modules/xmlbuilder/CHANGELOG.md
620 silly gunzTarPerm extractEntry node_modules/xmlbuilder/lib/index.js
621 silly gunzTarPerm extractEntry node_modules/xmlbuilder/lib/Utility.js
622 silly gunzTarPerm extractEntry node_modules/xmlbuilder/lib/XMLAttribute.js
623 silly gunzTarPerm extractEntry node_modules/xmlbuilder/lib/XMLCData.js
624 silly gunzTarPerm extractEntry node_modules/xmlbuilder/lib/XMLComment.js
625 silly gunzTarPerm extractEntry node_modules/xmlbuilder/lib/XMLDeclaration.js
626 silly gunzTarPerm extractEntry node_modules/xmlbuilder/lib/XMLDocType.js
627 silly gunzTarPerm extractEntry node_modules/xmlbuilder/lib/XMLDocument.js
628 silly gunzTarPerm extractEntry node_modules/xmlbuilder/lib/XMLDocumentCB.js
629 silly gunzTarPerm extractEntry node_modules/xmlbuilder/lib/XMLDTDAttList.js
630 silly gunzTarPerm extractEntry node_modules/xmlbuilder/lib/XMLDTDElement.js
631 silly gunzTarPerm extractEntry node_modules/xmlbuilder/lib/XMLDTDEntity.js
632 silly gunzTarPerm extractEntry node_modules/xmlbuilder/lib/XMLDTDNotation.js
633 silly gunzTarPerm extractEntry node_modules/xmlbuilder/lib/XMLElement.js
634 silly gunzTarPerm extractEntry node_modules/xmlbuilder/lib/XMLNode.js
635 silly gunzTarPerm extractEntry node_modules/xmlbuilder/lib/XMLProcessingInstruction.js
636 silly gunzTarPerm extractEntry node_modules/xmlbuilder/lib/XMLRaw.js
637 silly gunzTarPerm extractEntry node_modules/xmlbuilder/lib/XMLStreamWriter.js
638 silly gunzTarPerm extractEntry node_modules/xmlbuilder/lib/XMLStringifier.js
639 silly gunzTarPerm extractEntry node_modules/xmlbuilder/lib/XMLStringWriter.js
640 silly gunzTarPerm extractEntry node_modules/xmlbuilder/lib/XMLText.js
641 silly gunzTarPerm extractEntry node_modules/xmlbuilder/lib/XMLWriterBase.js
642 silly gunzTarPerm extractEntry node_modules/xmlbuilder/LICENSE
643 silly gunzTarPerm extractEntry node_modules/xmlbuilder/package.json
644 silly gunzTarPerm extractEntry node_modules/xmlbuilder/README.md
645 silly gunzTarPerm extractEntry node_modules/xmldom/__package__.js
646 silly gunzTarPerm extractEntry node_modules/xmldom/.npmignore
647 silly gunzTarPerm extractEntry node_modules/xmldom/.travis.yml
648 silly gunzTarPerm extractEntry node_modules/xmldom/changelog
649 silly gunzTarPerm extractEntry node_modules/xmldom/component.json
650 silly gunzTarPerm extractEntry node_modules/xmldom/dom-parser.js
651 silly gunzTarPerm extractEntry node_modules/xmldom/dom.js
652 silly gunzTarPerm extractEntry node_modules/xmldom/LICENSE
653 silly gunzTarPerm extractEntry node_modules/xmldom/package.json
654 silly gunzTarPerm extractEntry node_modules/xmldom/readme.md
655 silly gunzTarPerm extractEntry node_modules/xmldom/sax.js
656 silly addBundled read tarball
657 silly cleanup remove extracted module
658 silly loadAllDepsIntoIdealTree Finishing
659 silly idealTree:prePrune helloworld@1.0.0
659 silly idealTree:prePrune  almond@0.3.3
659 silly idealTree:prePrune  cordova-android@7.1.4
659 silly idealTree:prePrune   abbrev@1.1.1
659 silly idealTree:prePrune   android-versions@1.4.0
659 silly idealTree:prePrune   ansi@0.3.1
659 silly idealTree:prePrune   balanced-match@1.0.0
659 silly idealTree:prePrune   base64-js@1.2.0
659 silly idealTree:prePrune   big-integer@1.6.32
659 silly idealTree:prePrune   bplist-parser@0.1.1
659 silly idealTree:prePrune   brace-expansion@1.1.11
659 silly idealTree:prePrune   concat-map@0.0.1
659 silly idealTree:prePrune   cordova-common@2.2.5
659 silly idealTree:prePrune   cordova-registry-mapper@1.1.15
659 silly idealTree:prePrune   elementtree@0.1.6
659 silly idealTree:prePrune   glob@5.0.15
659 silly idealTree:prePrune   inflight@1.0.6
659 silly idealTree:prePrune   inherits@2.0.3
659 silly idealTree:prePrune   minimatch@3.0.4
659 silly idealTree:prePrune   nopt@3.0.1
659 silly idealTree:prePrune   once@1.4.0
659 silly idealTree:prePrune   path-is-absolute@1.0.1
659 silly idealTree:prePrune   plist@2.1.0
659 silly idealTree:prePrune   properties-parser@0.2.3
659 silly idealTree:prePrune   q@1.4.1
659 silly idealTree:prePrune   sax@0.3.5
659 silly idealTree:prePrune   semver@5.5.0
659 silly idealTree:prePrune   shelljs@0.5.3
659 silly idealTree:prePrune   underscore@1.9.1
659 silly idealTree:prePrune   unorm@1.4.1
659 silly idealTree:prePrune   wrappy@1.0.2
659 silly idealTree:prePrune   xmlbuilder@8.2.2
659 silly idealTree:prePrune   xmldom@0.1.27
659 silly idealTree:prePrune  cordova-browser@5.0.4
659 silly idealTree:prePrune   abbrev@1.1.1
659 silly idealTree:prePrune   accepts@1.3.5
659 silly idealTree:prePrune   ansi-regex@2.1.1
659 silly idealTree:prePrune   ansi-styles@2.2.1
659 silly idealTree:prePrune   ansi@0.3.1
659 silly idealTree:prePrune   array-flatten@1.1.1
659 silly idealTree:prePrune   balanced-match@1.0.0
659 silly idealTree:prePrune   base64-js@1.2.0
659 silly idealTree:prePrune   big-integer@1.6.32
659 silly idealTree:prePrune   body-parser@1.18.2
659 silly idealTree:prePrune   bplist-parser@0.1.1
659 silly idealTree:prePrune   brace-expansion@1.1.11
659 silly idealTree:prePrune   bytes@3.0.0
659 silly idealTree:prePrune   chalk@1.1.3
659 silly idealTree:prePrune   compressible@2.0.14
659 silly idealTree:prePrune    mime-db@1.34.0
659 silly idealTree:prePrune   compression@1.7.2
659 silly idealTree:prePrune   concat-map@0.0.1
659 silly idealTree:prePrune   content-disposition@0.5.2
659 silly idealTree:prePrune   content-type@1.0.4
659 silly idealTree:prePrune   cookie-signature@1.0.6
659 silly idealTree:prePrune   cookie@0.3.1
659 silly idealTree:prePrune   cordova-common@2.2.5
659 silly idealTree:prePrune   cordova-registry-mapper@1.1.15
659 silly idealTree:prePrune   cordova-serve@2.0.1
659 silly idealTree:prePrune   debug@2.6.9
659 silly idealTree:prePrune   depd@1.1.2
659 silly idealTree:prePrune   destroy@1.0.4
659 silly idealTree:prePrune   ee-first@1.1.1
659 silly idealTree:prePrune   elementtree@0.1.6
659 silly idealTree:prePrune   encodeurl@1.0.2
659 silly idealTree:prePrune   escape-html@1.0.3
659 silly idealTree:prePrune   escape-string-regexp@1.0.5
659 silly idealTree:prePrune   etag@1.8.1
659 silly idealTree:prePrune   express@4.16.3
659 silly idealTree:prePrune   finalhandler@1.1.1
659 silly idealTree:prePrune   forwarded@0.1.2
659 silly idealTree:prePrune   fresh@0.5.2
659 silly idealTree:prePrune   glob@5.0.15
659 silly idealTree:prePrune   has-ansi@2.0.0
659 silly idealTree:prePrune   http-errors@1.6.3
659 silly idealTree:prePrune   iconv-lite@0.4.19
659 silly idealTree:prePrune   inflight@1.0.6
659 silly idealTree:prePrune   inherits@2.0.3
659 silly idealTree:prePrune   ipaddr.js@1.6.0
659 silly idealTree:prePrune   is-wsl@1.1.0
659 silly idealTree:prePrune   media-typer@0.3.0
659 silly idealTree:prePrune   merge-descriptors@1.0.1
659 silly idealTree:prePrune   methods@1.1.2
659 silly idealTree:prePrune   mime-db@1.33.0
659 silly idealTree:prePrune   mime-types@2.1.18
659 silly idealTree:prePrune   mime@1.4.1
659 silly idealTree:prePrune   minimatch@3.0.4
659 silly idealTree:prePrune   ms@2.0.0
659 silly idealTree:prePrune   negotiator@0.6.1
659 silly idealTree:prePrune   nopt@3.0.6
659 silly idealTree:prePrune   on-finished@2.3.0
659 silly idealTree:prePrune   on-headers@1.0.1
659 silly idealTree:prePrune   once@1.4.0
659 silly idealTree:prePrune   opn@5.3.0
659 silly idealTree:prePrune   parseurl@1.3.2
659 silly idealTree:prePrune   path-is-absolute@1.0.1
659 silly idealTree:prePrune   path-to-regexp@0.1.7
659 silly idealTree:prePrune   plist@2.1.0
659 silly idealTree:prePrune   proxy-addr@2.0.3
659 silly idealTree:prePrune   q@1.5.1
659 silly idealTree:prePrune   qs@6.5.1
659 silly idealTree:prePrune   range-parser@1.2.0
659 silly idealTree:prePrune   raw-body@2.3.2
659 silly idealTree:prePrune    depd@1.1.1
659 silly idealTree:prePrune    http-errors@1.6.2
659 silly idealTree:prePrune    setprototypeof@1.0.3
659 silly idealTree:prePrune   safe-buffer@5.1.1
659 silly idealTree:prePrune   sax@0.3.5
659 silly idealTree:prePrune   send@0.16.2
659 silly idealTree:prePrune   serve-static@1.13.2
659 silly idealTree:prePrune   setprototypeof@1.1.0
659 silly idealTree:prePrune   shelljs@0.5.3
659 silly idealTree:prePrune   statuses@1.4.0
659 silly idealTree:prePrune   strip-ansi@3.0.1
659 silly idealTree:prePrune   supports-color@2.0.0
659 silly idealTree:prePrune   type-is@1.6.16
659 silly idealTree:prePrune   underscore@1.9.1
659 silly idealTree:prePrune   unorm@1.4.1
659 silly idealTree:prePrune   unpipe@1.0.0
659 silly idealTree:prePrune   utils-merge@1.0.1
659 silly idealTree:prePrune   vary@1.1.2
659 silly idealTree:prePrune   wrappy@1.0.2
659 silly idealTree:prePrune   xmlbuilder@8.2.2
659 silly idealTree:prePrune   xmldom@0.1.27
659 silly idealTree:prePrune  cordova-plugin-whitelist@1.3.3
659 silly idealTree:prePrune  cordova-sqlite-plugin@3.1.1
659 silly idealTree:prePrune  jquery-mousewheel@3.1.13
659 silly idealTree:prePrune  jquery@3.3.1
659 silly idealTree:prePrune  select2@4.0.6-rc.1
660 silly loadIdealTree Finishing
661 silly currentTree helloworld@1.0.0
661 silly currentTree  almond@0.3.3
661 silly currentTree  cordova-android@7.1.4
661 silly currentTree   abbrev@1.1.1
661 silly currentTree   ansi@0.3.1
661 silly currentTree   balanced-match@1.0.0
661 silly currentTree   base64-js@1.2.0
661 silly currentTree   big-integer@1.6.32
661 silly currentTree   bplist-parser@0.1.1
661 silly currentTree   brace-expansion@1.1.11
661 silly currentTree   concat-map@0.0.1
661 silly currentTree   cordova-common@2.2.5
661 silly currentTree   cordova-registry-mapper@1.1.15
661 silly currentTree   elementtree@0.1.6
661 silly currentTree   glob@5.0.15
661 silly currentTree   inflight@1.0.6
661 silly currentTree   inherits@2.0.3
661 silly currentTree   minimatch@3.0.4
661 silly currentTree   nopt@3.0.1
661 silly currentTree   once@1.4.0
661 silly currentTree   path-is-absolute@1.0.1
661 silly currentTree   plist@2.1.0
661 silly currentTree   properties-parser@0.2.3
661 silly currentTree   q@1.4.1
661 silly currentTree   sax@0.3.5
661 silly currentTree   semver@5.5.0
661 silly currentTree   shelljs@0.5.3
661 silly currentTree   underscore@1.9.1
661 silly currentTree   unorm@1.4.1
661 silly currentTree   wrappy@1.0.2
661 silly currentTree   xmlbuilder@8.2.2
661 silly currentTree   xmldom@0.1.27
661 silly currentTree  cordova-browser@5.0.4
661 silly currentTree   abbrev@1.1.1
661 silly currentTree   accepts@1.3.5
661 silly currentTree   ansi-regex@2.1.1
661 silly currentTree   ansi-styles@2.2.1
661 silly currentTree   ansi@0.3.1
661 silly currentTree   array-flatten@1.1.1
661 silly currentTree   balanced-match@1.0.0
661 silly currentTree   base64-js@1.2.0
661 silly currentTree   big-integer@1.6.32
661 silly currentTree   body-parser@1.18.2
661 silly currentTree   bplist-parser@0.1.1
661 silly currentTree   brace-expansion@1.1.11
661 silly currentTree   bytes@3.0.0
661 silly currentTree   chalk@1.1.3
661 silly currentTree   compressible@2.0.14
661 silly currentTree    mime-db@1.34.0
661 silly currentTree   compression@1.7.2
661 silly currentTree   concat-map@0.0.1
661 silly currentTree   content-disposition@0.5.2
661 silly currentTree   content-type@1.0.4
661 silly currentTree   cookie-signature@1.0.6
661 silly currentTree   cookie@0.3.1
661 silly currentTree   cordova-common@2.2.5
661 silly currentTree   cordova-registry-mapper@1.1.15
661 silly currentTree   cordova-serve@2.0.1
661 silly currentTree   debug@2.6.9
661 silly currentTree   depd@1.1.2
661 silly currentTree   destroy@1.0.4
661 silly currentTree   ee-first@1.1.1
661 silly currentTree   elementtree@0.1.6
661 silly currentTree   encodeurl@1.0.2
661 silly currentTree   escape-html@1.0.3
661 silly currentTree   escape-string-regexp@1.0.5
661 silly currentTree   etag@1.8.1
661 silly currentTree   express@4.16.3
661 silly currentTree   finalhandler@1.1.1
661 silly currentTree   forwarded@0.1.2
661 silly currentTree   fresh@0.5.2
661 silly currentTree   glob@5.0.15
661 silly currentTree   has-ansi@2.0.0
661 silly currentTree   http-errors@1.6.3
661 silly currentTree   iconv-lite@0.4.19
661 silly currentTree   inflight@1.0.6
661 silly currentTree   inherits@2.0.3
661 silly currentTree   ipaddr.js@1.6.0
661 silly currentTree   is-wsl@1.1.0
661 silly currentTree   media-typer@0.3.0
661 silly currentTree   merge-descriptors@1.0.1
661 silly currentTree   methods@1.1.2
661 silly currentTree   mime-db@1.33.0
661 silly currentTree   mime-types@2.1.18
661 silly currentTree   mime@1.4.1
661 silly currentTree   minimatch@3.0.4
661 silly currentTree   ms@2.0.0
661 silly currentTree   negotiator@0.6.1
661 silly currentTree   nopt@3.0.6
661 silly currentTree   on-finished@2.3.0
661 silly currentTree   on-headers@1.0.1
661 silly currentTree   once@1.4.0
661 silly currentTree   opn@5.3.0
661 silly currentTree   parseurl@1.3.2
661 silly currentTree   path-is-absolute@1.0.1
661 silly currentTree   path-to-regexp@0.1.7
661 silly currentTree   plist@2.1.0
661 silly currentTree   proxy-addr@2.0.3
661 silly currentTree   q@1.5.1
661 silly currentTree   qs@6.5.1
661 silly currentTree   range-parser@1.2.0
661 silly currentTree   raw-body@2.3.2
661 silly currentTree    depd@1.1.1
661 silly currentTree    http-errors@1.6.2
661 silly currentTree    setprototypeof@1.0.3
661 silly currentTree   safe-buffer@5.1.1
661 silly currentTree   sax@0.3.5
661 silly currentTree   send@0.16.2
661 silly currentTree   serve-static@1.13.2
661 silly currentTree   setprototypeof@1.1.0
661 silly currentTree   shelljs@0.5.3
661 silly currentTree   statuses@1.4.0
661 silly currentTree   strip-ansi@3.0.1
661 silly currentTree   supports-color@2.0.0
661 silly currentTree   type-is@1.6.16
661 silly currentTree   underscore@1.9.1
661 silly currentTree   unorm@1.4.1
661 silly currentTree   unpipe@1.0.0
661 silly currentTree   utils-merge@1.0.1
661 silly currentTree   vary@1.1.2
661 silly currentTree   wrappy@1.0.2
661 silly currentTree   xmlbuilder@8.2.2
661 silly currentTree   xmldom@0.1.27
661 silly currentTree  cordova-plugin-whitelist@1.3.3
661 silly currentTree  cordova-sqlite-plugin@3.1.1
661 silly currentTree  jquery-mousewheel@3.1.13
661 silly currentTree  jquery@3.3.1
661 silly currentTree  select2@4.0.6-rc.1
662 silly idealTree helloworld@1.0.0
662 silly idealTree  almond@0.3.3
662 silly idealTree  cordova-android@7.1.4
662 silly idealTree   abbrev@1.1.1
662 silly idealTree   android-versions@1.4.0
662 silly idealTree   ansi@0.3.1
662 silly idealTree   balanced-match@1.0.0
662 silly idealTree   base64-js@1.2.0
662 silly idealTree   big-integer@1.6.32
662 silly idealTree   bplist-parser@0.1.1
662 silly idealTree   brace-expansion@1.1.11
662 silly idealTree   concat-map@0.0.1
662 silly idealTree   cordova-common@2.2.5
662 silly idealTree   cordova-registry-mapper@1.1.15
662 silly idealTree   elementtree@0.1.6
662 silly idealTree   glob@5.0.15
662 silly idealTree   inflight@1.0.6
662 silly idealTree   inherits@2.0.3
662 silly idealTree   minimatch@3.0.4
662 silly idealTree   nopt@3.0.1
662 silly idealTree   once@1.4.0
662 silly idealTree   path-is-absolute@1.0.1
662 silly idealTree   plist@2.1.0
662 silly idealTree   properties-parser@0.2.3
662 silly idealTree   q@1.4.1
662 silly idealTree   sax@0.3.5
662 silly idealTree   semver@5.5.0
662 silly idealTree   shelljs@0.5.3
662 silly idealTree   underscore@1.9.1
662 silly idealTree   unorm@1.4.1
662 silly idealTree   wrappy@1.0.2
662 silly idealTree   xmlbuilder@8.2.2
662 silly idealTree   xmldom@0.1.27
662 silly idealTree  cordova-browser@5.0.4
662 silly idealTree   abbrev@1.1.1
662 silly idealTree   accepts@1.3.5
662 silly idealTree   ansi-regex@2.1.1
662 silly idealTree   ansi-styles@2.2.1
662 silly idealTree   ansi@0.3.1
662 silly idealTree   array-flatten@1.1.1
662 silly idealTree   balanced-match@1.0.0
662 silly idealTree   base64-js@1.2.0
662 silly idealTree   big-integer@1.6.32
662 silly idealTree   body-parser@1.18.2
662 silly idealTree   bplist-parser@0.1.1
662 silly idealTree   brace-expansion@1.1.11
662 silly idealTree   bytes@3.0.0
662 silly idealTree   chalk@1.1.3
662 silly idealTree   compressible@2.0.14
662 silly idealTree    mime-db@1.34.0
662 silly idealTree   compression@1.7.2
662 silly idealTree   concat-map@0.0.1
662 silly idealTree   content-disposition@0.5.2
662 silly idealTree   content-type@1.0.4
662 silly idealTree   cookie-signature@1.0.6
662 silly idealTree   cookie@0.3.1
662 silly idealTree   cordova-common@2.2.5
662 silly idealTree   cordova-registry-mapper@1.1.15
662 silly idealTree   cordova-serve@2.0.1
662 silly idealTree   debug@2.6.9
662 silly idealTree   depd@1.1.2
662 silly idealTree   destroy@1.0.4
662 silly idealTree   ee-first@1.1.1
662 silly idealTree   elementtree@0.1.6
662 silly idealTree   encodeurl@1.0.2
662 silly idealTree   escape-html@1.0.3
662 silly idealTree   escape-string-regexp@1.0.5
662 silly idealTree   etag@1.8.1
662 silly idealTree   express@4.16.3
662 silly idealTree   finalhandler@1.1.1
662 silly idealTree   forwarded@0.1.2
662 silly idealTree   fresh@0.5.2
662 silly idealTree   glob@5.0.15
662 silly idealTree   has-ansi@2.0.0
662 silly idealTree   http-errors@1.6.3
662 silly idealTree   iconv-lite@0.4.19
662 silly idealTree   inflight@1.0.6
662 silly idealTree   inherits@2.0.3
662 silly idealTree   ipaddr.js@1.6.0
662 silly idealTree   is-wsl@1.1.0
662 silly idealTree   media-typer@0.3.0
662 silly idealTree   merge-descriptors@1.0.1
662 silly idealTree   methods@1.1.2
662 silly idealTree   mime-db@1.33.0
662 silly idealTree   mime-types@2.1.18
662 silly idealTree   mime@1.4.1
662 silly idealTree   minimatch@3.0.4
662 silly idealTree   ms@2.0.0
662 silly idealTree   negotiator@0.6.1
662 silly idealTree   nopt@3.0.6
662 silly idealTree   on-finished@2.3.0
662 silly idealTree   on-headers@1.0.1
662 silly idealTree   once@1.4.0
662 silly idealTree   opn@5.3.0
662 silly idealTree   parseurl@1.3.2
662 silly idealTree   path-is-absolute@1.0.1
662 silly idealTree   path-to-regexp@0.1.7
662 silly idealTree   plist@2.1.0
662 silly idealTree   proxy-addr@2.0.3
662 silly idealTree   q@1.5.1
662 silly idealTree   qs@6.5.1
662 silly idealTree   range-parser@1.2.0
662 silly idealTree   raw-body@2.3.2
662 silly idealTree    depd@1.1.1
662 silly idealTree    http-errors@1.6.2
662 silly idealTree    setprototypeof@1.0.3
662 silly idealTree   safe-buffer@5.1.1
662 silly idealTree   sax@0.3.5
662 silly idealTree   send@0.16.2
662 silly idealTree   serve-static@1.13.2
662 silly idealTree   setprototypeof@1.1.0
662 silly idealTree   shelljs@0.5.3
662 silly idealTree   statuses@1.4.0
662 silly idealTree   strip-ansi@3.0.1
662 silly idealTree   supports-color@2.0.0
662 silly idealTree   type-is@1.6.16
662 silly idealTree   underscore@1.9.1
662 silly idealTree   unorm@1.4.1
662 silly idealTree   unpipe@1.0.0
662 silly idealTree   utils-merge@1.0.1
662 silly idealTree   vary@1.1.2
662 silly idealTree   wrappy@1.0.2
662 silly idealTree   xmlbuilder@8.2.2
662 silly idealTree   xmldom@0.1.27
662 silly idealTree  cordova-plugin-whitelist@1.3.3
662 silly idealTree  cordova-sqlite-plugin@3.1.1
662 silly idealTree  jquery-mousewheel@3.1.13
662 silly idealTree  jquery@3.3.1
662 silly idealTree  select2@4.0.6-rc.1
663 silly generateActionsToTake Starting
664 silly install generateActionsToTake
665 silly generateActionsToTake Finishing
666 silly diffTrees action count 3
667 silly diffTrees add android-versions@1.4.0
668 silly diffTrees update jquery@3.3.1
669 silly diffTrees update select2@4.0.6-rc.1
670 silly decomposeActions action count 21
671 silly decomposeActions preinstall android-versions@1.4.0
672 silly decomposeActions build android-versions@1.4.0
673 silly decomposeActions install android-versions@1.4.0
674 silly decomposeActions postinstall android-versions@1.4.0
675 silly decomposeActions finalize android-versions@1.4.0
676 silly decomposeActions fetch jquery@3.3.1
677 silly decomposeActions extract jquery@3.3.1
678 silly decomposeActions test jquery@3.3.1
679 silly decomposeActions preinstall jquery@3.3.1
680 silly decomposeActions build jquery@3.3.1
681 silly decomposeActions install jquery@3.3.1
682 silly decomposeActions postinstall jquery@3.3.1
683 silly decomposeActions finalize jquery@3.3.1
684 silly decomposeActions fetch select2@4.0.6-rc.1
685 silly decomposeActions extract select2@4.0.6-rc.1
686 silly decomposeActions test select2@4.0.6-rc.1
687 silly decomposeActions preinstall select2@4.0.6-rc.1
688 silly decomposeActions build select2@4.0.6-rc.1
689 silly decomposeActions install select2@4.0.6-rc.1
690 silly decomposeActions postinstall select2@4.0.6-rc.1
691 silly decomposeActions finalize select2@4.0.6-rc.1
692 silly executeActions Starting
693 silly install executeActions
694 silly doSerial global-install 0
695 silly doParallel fetch 2
696 verbose lock using /home/luc/.npm/_locks/staging-63f38be114f885f0.lock for /home/luc/Documents/simplon/projetLuc/pedagoCordova/comVisuelle/node_modules/.staging
697 silly doParallel extract 2
698 silly extract jquery@3.3.1
699 silly extract select2@4.0.6-rc.1
700 verbose unbuild node_modules/.staging/jquery-0cd22a61
701 verbose unbuild node_modules/.staging/select2-e6bcafa9
702 silly gentlyRm /home/luc/Documents/simplon/projetLuc/pedagoCordova/comVisuelle/node_modules/.staging/jquery-0cd22a61 is being purged from base /home/luc/Documents/simplon/projetLuc/pedagoCordova/comVisuelle
703 verbose gentlyRm don't care about contents; nuking /home/luc/Documents/simplon/projetLuc/pedagoCordova/comVisuelle/node_modules/.staging/jquery-0cd22a61
704 silly gentlyRm /home/luc/Documents/simplon/projetLuc/pedagoCordova/comVisuelle/node_modules/.staging/select2-e6bcafa9 is being purged from base /home/luc/Documents/simplon/projetLuc/pedagoCordova/comVisuelle
705 verbose gentlyRm don't care about contents; nuking /home/luc/Documents/simplon/projetLuc/pedagoCordova/comVisuelle/node_modules/.staging/select2-e6bcafa9
706 verbose tar unpack /home/luc/.npm/jquery/3.3.1/package.tgz
707 verbose tar unpacking to /home/luc/Documents/simplon/projetLuc/pedagoCordova/comVisuelle/node_modules/.staging/jquery-0cd22a61
708 silly gentlyRm /home/luc/Documents/simplon/projetLuc/pedagoCordova/comVisuelle/node_modules/.staging/jquery-0cd22a61 is being purged
709 verbose gentlyRm don't care about contents; nuking /home/luc/Documents/simplon/projetLuc/pedagoCordova/comVisuelle/node_modules/.staging/jquery-0cd22a61
710 verbose tar unpack /home/luc/.npm/select2/4.0.6-rc.1/package.tgz
711 verbose tar unpacking to /home/luc/Documents/simplon/projetLuc/pedagoCordova/comVisuelle/node_modules/.staging/select2-e6bcafa9
712 silly gentlyRm /home/luc/Documents/simplon/projetLuc/pedagoCordova/comVisuelle/node_modules/.staging/select2-e6bcafa9 is being purged
713 verbose gentlyRm don't care about contents; nuking /home/luc/Documents/simplon/projetLuc/pedagoCordova/comVisuelle/node_modules/.staging/select2-e6bcafa9
714 silly gunzTarPerm modes [ '755', '644' ]
715 silly gunzTarPerm modes [ '755', '644' ]
716 silly gunzTarPerm extractEntry package.json
717 silly gunzTarPerm extractEntry package.json
718 silly gunzTarPerm extractEntry AUTHORS.txt
719 silly gunzTarPerm extractEntry bower.json
720 silly gunzTarPerm extractEntry README.md
721 silly gunzTarPerm extractEntry CHANGELOG.md
722 silly gunzTarPerm extractEntry LICENSE.txt
723 silly gunzTarPerm extractEntry LICENSE.md
724 silly gunzTarPerm extractEntry README.md
725 silly gunzTarPerm extractEntry dist/core.js
726 silly gunzTarPerm extractEntry dist/css/select2.css
727 silly gunzTarPerm extractEntry dist/css/select2.min.css
728 silly gunzTarPerm extractEntry dist/js/select2.full.js
729 silly gunzTarPerm extractEntry dist/js/select2.full.min.js
730 silly gunzTarPerm extractEntry dist/jquery.js
731 silly gunzTarPerm extractEntry dist/js/select2.js
732 silly gunzTarPerm extractEntry dist/jquery.min.js
733 silly gunzTarPerm extractEntry dist/js/select2.min.js
734 silly gunzTarPerm extractEntry dist/jquery.min.map
735 silly gunzTarPerm extractEntry dist/js/i18n/af.js
736 silly gunzTarPerm extractEntry dist/js/i18n/hu.js
737 silly gunzTarPerm extractEntry dist/js/i18n/hy.js
738 silly gunzTarPerm extractEntry dist/js/i18n/id.js
739 silly gunzTarPerm extractEntry dist/js/i18n/hsb.js
740 silly gunzTarPerm extractEntry dist/js/i18n/ar.js
741 silly gunzTarPerm extractEntry dist/jquery.slim.js
742 silly gunzTarPerm extractEntry dist/js/i18n/ja.js
743 silly gunzTarPerm extractEntry dist/js/i18n/km.js
744 silly gunzTarPerm extractEntry dist/js/i18n/ko.js
745 silly gunzTarPerm extractEntry dist/js/i18n/lt.js
746 silly gunzTarPerm extractEntry dist/js/i18n/hr.js
747 silly gunzTarPerm extractEntry dist/js/i18n/lv.js
748 silly gunzTarPerm extractEntry dist/js/i18n/hi.js
749 silly gunzTarPerm extractEntry dist/js/i18n/mk.js
750 silly gunzTarPerm extractEntry dist/js/i18n/he.js
751 silly gunzTarPerm extractEntry dist/jquery.slim.min.js
752 silly gunzTarPerm extractEntry dist/js/i18n/ms.js
753 silly gunzTarPerm extractEntry dist/jquery.slim.min.map
754 silly gunzTarPerm extractEntry dist/js/i18n/gl.js
755 silly gunzTarPerm extractEntry dist/js/i18n/nb.js
756 silly gunzTarPerm extractEntry dist/js/i18n/fr.js
757 silly gunzTarPerm extractEntry dist/js/i18n/nl.js
758 silly gunzTarPerm extractEntry dist/js/i18n/fi.js
759 silly gunzTarPerm extractEntry dist/js/i18n/pl.js
760 silly gunzTarPerm extractEntry external/sizzle/dist/sizzle.js
761 silly gunzTarPerm extractEntry dist/js/i18n/fa.js
762 silly gunzTarPerm extractEntry dist/js/i18n/ps.js
763 silly gunzTarPerm extractEntry dist/js/i18n/eu.js
764 silly gunzTarPerm extractEntry dist/js/i18n/pt-BR.js
765 silly gunzTarPerm extractEntry dist/js/i18n/et.js
766 silly gunzTarPerm extractEntry external/sizzle/dist/sizzle.min.js
767 silly gunzTarPerm extractEntry dist/js/i18n/pt.js
768 silly gunzTarPerm extractEntry dist/js/i18n/es.js
769 silly gunzTarPerm extractEntry external/sizzle/dist/sizzle.min.map
770 silly gunzTarPerm extractEntry dist/js/i18n/ro.js
771 silly gunzTarPerm extractEntry dist/js/i18n/en.js
772 silly gunzTarPerm extractEntry external/sizzle/LICENSE.txt
773 silly gunzTarPerm extractEntry dist/js/i18n/ru.js
774 silly gunzTarPerm extractEntry src/.eslintrc.json
775 silly gunzTarPerm extractEntry dist/js/i18n/el.js
776 silly gunzTarPerm extractEntry src/ajax.js
777 silly gunzTarPerm extractEntry src/ajax/jsonp.js
778 silly gunzTarPerm extractEntry dist/js/i18n/sk.js
779 silly gunzTarPerm extractEntry dist/js/i18n/dsb.js
780 silly gunzTarPerm extractEntry dist/js/i18n/sl.js
781 silly gunzTarPerm extractEntry dist/js/i18n/de.js
782 silly gunzTarPerm extractEntry src/ajax/load.js
783 silly gunzTarPerm extractEntry src/ajax/parseXML.js
784 silly gunzTarPerm extractEntry src/ajax/script.js
785 silly gunzTarPerm extractEntry dist/js/i18n/sr-Cyrl.js
786 silly gunzTarPerm extractEntry src/ajax/var/location.js
787 silly gunzTarPerm extractEntry dist/js/i18n/da.js
788 silly gunzTarPerm extractEntry src/ajax/var/nonce.js
789 silly gunzTarPerm extractEntry dist/js/i18n/sr.js
790 silly gunzTarPerm extractEntry dist/js/i18n/cs.js
791 silly gunzTarPerm extractEntry dist/js/i18n/sv.js
792 silly gunzTarPerm extractEntry dist/js/i18n/ca.js
793 silly gunzTarPerm extractEntry dist/js/i18n/th.js
794 silly gunzTarPerm extractEntry dist/js/i18n/zh-CN.js
795 silly gunzTarPerm extractEntry dist/js/i18n/tk.js
796 silly gunzTarPerm extractEntry dist/js/i18n/bs.js
797 silly gunzTarPerm extractEntry dist/js/i18n/tr.js
798 silly gunzTarPerm extractEntry dist/js/i18n/bg.js
799 silly gunzTarPerm extractEntry dist/js/i18n/uk.js
800 silly gunzTarPerm extractEntry dist/js/i18n/az.js
801 silly gunzTarPerm extractEntry dist/js/i18n/vi.js
802 silly gunzTarPerm extractEntry dist/js/i18n/is.js
803 silly gunzTarPerm extractEntry dist/js/i18n/zh-TW.js
804 silly gunzTarPerm extractEntry dist/js/i18n/it.js
805 silly gunzTarPerm extractEntry dist/js/i18n/build.txt
806 silly gunzTarPerm extractEntry src/js/banner.end.js
807 silly gunzTarPerm extractEntry src/js/banner.start.js
808 silly gunzTarPerm extractEntry src/js/jquery.mousewheel.shim.js
809 silly gunzTarPerm extractEntry src/js/jquery.select2.js
810 silly gunzTarPerm extractEntry src/js/jquery.shim.js
811 silly gunzTarPerm extractEntry src/js/wrapper.end.js
812 silly gunzTarPerm extractEntry src/js/wrapper.start.js
813 silly gunzTarPerm extractEntry src/js/select2/utils.js
814 silly gunzTarPerm extractEntry src/js/select2/defaults.js
815 silly gunzTarPerm extractEntry src/js/select2/diacritics.js
816 silly gunzTarPerm extractEntry src/js/select2/dropdown.js
817 silly gunzTarPerm extractEntry src/js/select2/core.js
818 silly gunzTarPerm extractEntry src/js/select2/keys.js
819 silly gunzTarPerm extractEntry src/js/select2/options.js
820 silly gunzTarPerm extractEntry src/js/select2/results.js
821 silly gunzTarPerm extractEntry src/js/select2/translation.js
822 silly gunzTarPerm extractEntry src/js/select2/compat/containerCss.js
823 silly gunzTarPerm extractEntry src/js/select2/compat/dropdownCss.js
824 silly gunzTarPerm extractEntry src/js/select2/compat/initSelection.js
825 silly gunzTarPerm extractEntry src/js/select2/compat/inputData.js
826 silly gunzTarPerm extractEntry src/js/select2/compat/matcher.js
827 silly gunzTarPerm extractEntry src/js/select2/compat/query.js
828 silly gunzTarPerm extractEntry src/js/select2/compat/utils.js
829 silly gunzTarPerm extractEntry src/js/select2/data/ajax.js
830 silly gunzTarPerm extractEntry src/js/select2/data/array.js
831 silly gunzTarPerm extractEntry src/js/select2/data/base.js
832 silly gunzTarPerm extractEntry src/js/select2/data/maximumInputLength.js
833 silly gunzTarPerm extractEntry src/js/select2/data/maximumSelectionLength.js
834 silly gunzTarPerm extractEntry src/js/select2/data/minimumInputLength.js
835 silly gunzTarPerm extractEntry src/js/select2/data/select.js
836 silly gunzTarPerm extractEntry src/js/select2/data/tags.js
837 silly gunzTarPerm extractEntry src/js/select2/data/tokenizer.js
838 silly gunzTarPerm extractEntry src/js/select2/selection/allowClear.js
839 silly gunzTarPerm extractEntry src/js/select2/selection/base.js
840 silly gunzTarPerm extractEntry src/js/select2/selection/clickMask.js
841 silly gunzTarPerm extractEntry src/js/select2/selection/eventRelay.js
842 silly gunzTarPerm extractEntry src/js/select2/selection/multiple.js
843 silly gunzTarPerm extractEntry src/js/select2/selection/placeholder.js
844 silly gunzTarPerm extractEntry src/js/select2/selection/search.js
845 silly gunzTarPerm extractEntry src/js/select2/selection/single.js
846 silly gunzTarPerm extractEntry src/js/select2/selection/stopPropagation.js
847 silly gunzTarPerm extractEntry src/js/select2/dropdown/attachBody.js
848 silly gunzTarPerm extractEntry src/js/select2/dropdown/attachContainer.js
849 silly gunzTarPerm extractEntry src/js/select2/dropdown/closeOnSelect.js
850 silly gunzTarPerm extractEntry src/js/select2/dropdown/hidePlaceholder.js
851 silly gunzTarPerm extractEntry src/js/select2/dropdown/infiniteScroll.js
852 silly gunzTarPerm extractEntry src/js/select2/dropdown/minimumResultsForSearch.js
853 silly gunzTarPerm extractEntry src/js/select2/dropdown/search.js
854 silly gunzTarPerm extractEntry src/js/select2/dropdown/selectOnClose.js
855 silly gunzTarPerm extractEntry src/js/select2/dropdown/stopPropagation.js
856 silly gunzTarPerm extractEntry src/js/select2/i18n/af.js
857 silly gunzTarPerm extractEntry src/js/select2/i18n/hy.js
858 silly gunzTarPerm extractEntry src/js/select2/i18n/id.js
859 silly gunzTarPerm extractEntry src/js/select2/i18n/is.js
860 silly gunzTarPerm extractEntry src/js/select2/i18n/hu.js
861 silly gunzTarPerm extractEntry src/js/select2/i18n/ja.js
862 silly gunzTarPerm extractEntry src/js/select2/i18n/km.js
863 silly gunzTarPerm extractEntry src/js/select2/i18n/ko.js
864 silly gunzTarPerm extractEntry src/js/select2/i18n/lt.js
865 silly gunzTarPerm extractEntry src/js/select2/i18n/lv.js
866 silly gunzTarPerm extractEntry src/js/select2/i18n/hsb.js
867 silly gunzTarPerm extractEntry src/js/select2/i18n/mk.js
868 silly gunzTarPerm extractEntry src/js/select2/i18n/hr.js
869 silly gunzTarPerm extractEntry src/js/select2/i18n/ms.js
870 silly gunzTarPerm extractEntry src/js/select2/i18n/hi.js
871 silly gunzTarPerm extractEntry src/js/select2/i18n/nb.js
872 silly gunzTarPerm extractEntry src/js/select2/i18n/he.js
873 silly gunzTarPerm extractEntry src/js/select2/i18n/nl.js
874 silly gunzTarPerm extractEntry src/js/select2/i18n/gl.js
875 silly gunzTarPerm extractEntry src/js/select2/i18n/pl.js
876 silly gunzTarPerm extractEntry src/js/select2/i18n/fr.js
877 silly gunzTarPerm extractEntry src/js/select2/i18n/ps.js
878 silly gunzTarPerm extractEntry src/js/select2/i18n/fi.js
879 silly gunzTarPerm extractEntry src/js/select2/i18n/pt-BR.js
880 silly gunzTarPerm extractEntry src/js/select2/i18n/fa.js
881 silly gunzTarPerm extractEntry src/js/select2/i18n/pt.js
882 silly gunzTarPerm extractEntry src/js/select2/i18n/eu.js
883 silly gunzTarPerm extractEntry src/js/select2/i18n/ro.js
884 silly gunzTarPerm extractEntry src/js/select2/i18n/et.js
885 silly gunzTarPerm extractEntry src/js/select2/i18n/ru.js
886 silly gunzTarPerm extractEntry src/js/select2/i18n/es.js
887 silly gunzTarPerm extractEntry src/js/select2/i18n/sk.js
888 silly gunzTarPerm extractEntry src/js/select2/i18n/en.js
889 silly gunzTarPerm extractEntry src/js/select2/i18n/sl.js
890 silly gunzTarPerm extractEntry src/js/select2/i18n/el.js
891 silly gunzTarPerm extractEntry src/js/select2/i18n/sr-Cyrl.js
892 silly gunzTarPerm extractEntry src/js/select2/i18n/dsb.js
893 silly gunzTarPerm extractEntry src/js/select2/i18n/sr.js
894 silly gunzTarPerm extractEntry src/js/select2/i18n/de.js
895 silly gunzTarPerm extractEntry src/js/select2/i18n/sv.js
896 silly gunzTarPerm extractEntry src/js/select2/i18n/da.js
897 silly gunzTarPerm extractEntry src/js/select2/i18n/th.js
898 silly gunzTarPerm extractEntry src/js/select2/i18n/cs.js
899 silly gunzTarPerm extractEntry src/js/select2/i18n/tk.js
900 silly gunzTarPerm extractEntry src/js/select2/i18n/ca.js
901 silly gunzTarPerm extractEntry src/js/select2/i18n/tr.js
902 silly gunzTarPerm extractEntry src/js/select2/i18n/bs.js
903 silly gunzTarPerm extractEntry src/js/select2/i18n/uk.js
904 silly gunzTarPerm extractEntry src/js/select2/i18n/bg.js
905 silly gunzTarPerm extractEntry src/js/select2/i18n/vi.js
906 silly gunzTarPerm extractEntry src/js/select2/i18n/az.js
907 silly gunzTarPerm extractEntry src/js/select2/i18n/zh-CN.js
908 silly gunzTarPerm extractEntry src/js/select2/i18n/ar.js
909 silly gunzTarPerm extractEntry src/js/select2/i18n/zh-TW.js
910 silly gunzTarPerm extractEntry src/js/select2/i18n/it.js
911 silly gunzTarPerm extractEntry src/scss/_dropdown.scss
912 silly gunzTarPerm extractEntry src/scss/_multiple.scss
913 silly gunzTarPerm extractEntry src/scss/_single.scss
914 silly gunzTarPerm extractEntry src/scss/core.scss
915 silly gunzTarPerm extractEntry src/scss/mixins/_gradients.scss
916 silly gunzTarPerm extractEntry src/scss/theme/classic/_defaults.scss
917 silly gunzTarPerm extractEntry src/scss/theme/classic/_multiple.scss
918 silly gunzTarPerm extractEntry src/scss/theme/classic/_single.scss
919 silly gunzTarPerm extractEntry src/scss/theme/classic/layout.scss
920 silly gunzTarPerm extractEntry src/scss/theme/default/_multiple.scss
921 silly gunzTarPerm extractEntry src/scss/theme/default/_single.scss
922 silly gunzTarPerm extractEntry src/scss/theme/default/layout.scss
923 silly gunzTarPerm extractEntry src/ajax/var/rquery.js
924 silly gunzTarPerm extractEntry src/ajax/xhr.js
925 silly gunzTarPerm extractEntry src/attributes.js
926 silly gunzTarPerm extractEntry src/attributes/attr.js
927 silly gunzTarPerm extractEntry src/attributes/classes.js
928 silly gunzTarPerm extractEntry src/attributes/prop.js
929 silly gunzTarPerm extractEntry src/attributes/support.js
930 silly gunzTarPerm extractEntry src/attributes/val.js
931 silly gunzTarPerm extractEntry src/callbacks.js
932 silly gunzTarPerm extractEntry src/core.js
933 silly gunzTarPerm extractEntry src/core/access.js
934 silly gunzTarPerm extractEntry src/core/camelCase.js
935 silly gunzTarPerm extractEntry src/core/DOMEval.js
936 silly gunzTarPerm extractEntry src/core/init.js
937 silly gunzTarPerm extractEntry src/core/nodeName.js
938 silly gunzTarPerm extractEntry src/core/parseHTML.js
939 silly gunzTarPerm extractEntry src/core/ready-no-deferred.js
940 silly gunzTarPerm extractEntry src/core/ready.js
941 silly gunzTarPerm extractEntry src/core/readyException.js
942 silly gunzTarPerm extractEntry src/core/stripAndCollapse.js
943 silly gunzTarPerm extractEntry src/core/support.js
944 silly gunzTarPerm extractEntry src/core/toType.js
945 silly gunzTarPerm extractEntry src/core/var/rsingleTag.js
946 silly gunzTarPerm extractEntry src/css.js
947 silly gunzTarPerm extractEntry src/css/addGetHookIf.js
948 silly gunzTarPerm extractEntry src/css/adjustCSS.js
949 silly gunzTarPerm extractEntry src/css/curCSS.js
950 silly gunzTarPerm extractEntry src/css/hiddenVisibleSelectors.js
951 silly gunzTarPerm extractEntry src/css/showHide.js
952 silly gunzTarPerm extractEntry src/css/support.js
953 silly gunzTarPerm extractEntry src/css/var/cssExpand.js
954 silly gunzTarPerm extractEntry src/css/var/getStyles.js
955 silly gunzTarPerm extractEntry src/css/var/isHiddenWithinTree.js
956 silly gunzTarPerm extractEntry src/css/var/rboxStyle.js
957 silly gunzTarPerm extractEntry src/css/var/rnumnonpx.js
958 silly gunzTarPerm extractEntry src/css/var/swap.js
959 silly gunzTarPerm extractEntry src/data.js
960 silly gunzTarPerm extractEntry src/data/Data.js
961 silly gunzTarPerm extractEntry src/data/var/acceptData.js
962 silly gunzTarPerm extractEntry src/data/var/dataPriv.js
963 silly gunzTarPerm extractEntry src/data/var/dataUser.js
964 silly gunzTarPerm extractEntry src/deferred.js
965 silly gunzTarPerm extractEntry src/deferred/exceptionHook.js
966 silly gunzTarPerm extractEntry src/deprecated.js
967 silly gunzTarPerm extractEntry src/dimensions.js
968 silly gunzTarPerm extractEntry src/effects.js
969 silly gunzTarPerm extractEntry src/effects/animatedSelector.js
970 silly gunzTarPerm extractEntry src/effects/Tween.js
971 silly gunzTarPerm extractEntry src/event.js
972 silly gunzTarPerm extractEntry src/event/ajax.js
973 silly gunzTarPerm extractEntry src/event/alias.js
974 silly gunzTarPerm extractEntry src/event/focusin.js
975 silly gunzTarPerm extractEntry src/event/support.js
976 silly gunzTarPerm extractEntry src/event/trigger.js
977 silly gunzTarPerm extractEntry src/exports/amd.js
978 silly gunzTarPerm extractEntry src/exports/global.js
979 silly gunzTarPerm extractEntry src/jquery.js
980 silly gunzTarPerm extractEntry src/manipulation.js
981 silly gunzTarPerm extractEntry src/manipulation/_evalUrl.js
982 silly gunzTarPerm extractEntry src/manipulation/buildFragment.js
983 silly gunzTarPerm extractEntry src/manipulation/getAll.js
984 silly gunzTarPerm extractEntry src/manipulation/setGlobalEval.js
985 silly gunzTarPerm extractEntry src/manipulation/support.js
986 silly gunzTarPerm extractEntry src/manipulation/var/rcheckableType.js
987 silly gunzTarPerm extractEntry src/manipulation/var/rscriptType.js
988 silly gunzTarPerm extractEntry src/manipulation/var/rtagName.js
989 silly gunzTarPerm extractEntry src/manipulation/wrapMap.js
990 silly gunzTarPerm extractEntry src/offset.js
991 silly gunzTarPerm extractEntry src/queue.js
992 silly gunzTarPerm extractEntry src/queue/delay.js
993 silly gunzTarPerm extractEntry src/selector-native.js
994 silly gunzTarPerm extractEntry src/selector-sizzle.js
995 silly gunzTarPerm extractEntry src/selector.js
996 silly gunzTarPerm extractEntry src/serialize.js
997 silly gunzTarPerm extractEntry src/traversing.js
998 silly gunzTarPerm extractEntry src/traversing/findFilter.js
999 silly gunzTarPerm extractEntry src/traversing/var/dir.js
1000 silly gunzTarPerm extractEntry src/traversing/var/rneedsContext.js
1001 silly gunzTarPerm extractEntry src/traversing/var/siblings.js
1002 silly gunzTarPerm extractEntry src/var/arr.js
1003 silly gunzTarPerm extractEntry src/var/class2type.js
1004 silly gunzTarPerm extractEntry src/var/concat.js
1005 silly gunzTarPerm extractEntry src/var/document.js
1006 silly gunzTarPerm extractEntry src/var/documentElement.js
1007 silly gunzTarPerm extractEntry src/var/fnToString.js
1008 silly gunzTarPerm extractEntry src/var/getProto.js
1009 silly gunzTarPerm extractEntry src/var/hasOwn.js
1010 silly gunzTarPerm extractEntry src/var/indexOf.js
1011 silly gunzTarPerm extractEntry src/var/isFunction.js
1012 silly gunzTarPerm extractEntry src/var/isWindow.js
1013 silly gunzTarPerm extractEntry src/var/ObjectFunctionString.js
1014 silly gunzTarPerm extractEntry src/var/pnum.js
1015 silly gunzTarPerm extractEntry src/var/push.js
1016 silly gunzTarPerm extractEntry src/var/rcssNum.js
1017 silly gunzTarPerm extractEntry src/var/rnothtmlwhite.js
1018 silly gunzTarPerm extractEntry src/var/slice.js
1019 silly gunzTarPerm extractEntry src/var/support.js
1020 silly gunzTarPerm extractEntry src/var/toString.js
1021 silly gunzTarPerm extractEntry src/wrap.js
1022 silly gentlyRm /home/luc/Documents/simplon/projetLuc/pedagoCordova/comVisuelle/node_modules/.staging/jquery-0cd22a61/node_modules is being purged
1023 verbose gentlyRm don't care about contents; nuking /home/luc/Documents/simplon/projetLuc/pedagoCordova/comVisuelle/node_modules/.staging/jquery-0cd22a61/node_modules
1024 silly gentlyRm /home/luc/Documents/simplon/projetLuc/pedagoCordova/comVisuelle/node_modules/.staging/select2-e6bcafa9/node_modules is being purged
1025 verbose gentlyRm don't care about contents; nuking /home/luc/Documents/simplon/projetLuc/pedagoCordova/comVisuelle/node_modules/.staging/select2-e6bcafa9/node_modules
1026 silly doParallel preinstall 3
1027 silly preinstall android-versions@1.4.0 /home/luc/Documents/simplon/projetLuc/pedagoCordova/comVisuelle/node_modules/.staging/android-versions-f379c320
1028 info lifecycle android-versions@1.4.0~preinstall: android-versions@1.4.0
1029 silly preinstall jquery@3.3.1 /home/luc/Documents/simplon/projetLuc/pedagoCordova/comVisuelle/node_modules/.staging/jquery-0cd22a61
1030 info lifecycle jquery@3.3.1~preinstall: jquery@3.3.1
1031 silly preinstall select2@4.0.6-rc.1 /home/luc/Documents/simplon/projetLuc/pedagoCordova/comVisuelle/node_modules/.staging/select2-e6bcafa9
1032 info lifecycle select2@4.0.6-rc.1~preinstall: select2@4.0.6-rc.1
1033 silly lifecycle jquery@3.3.1~preinstall: no script for preinstall, continuing
1034 silly lifecycle select2@4.0.6-rc.1~preinstall: no script for preinstall, continuing
1035 silly lifecycle android-versions@1.4.0~preinstall: no script for preinstall, continuing
1036 silly doReverseSerial remove 0
1037 silly doSerial move 0
1038 silly doSerial finalize 3
1039 silly finalize /home/luc/Documents/simplon/projetLuc/pedagoCordova/comVisuelle/node_modules/cordova-android/node_modules/android-versions
1040 verbose unlock done using /home/luc/.npm/_locks/staging-63f38be114f885f0.lock for /home/luc/Documents/simplon/projetLuc/pedagoCordova/comVisuelle/node_modules/.staging
1041 silly rollbackFailedOptional Starting
1042 silly rollbackFailedOptional Finishing
1043 silly runTopLevelLifecycles Starting
1044 silly runTopLevelLifecycles Finishing
1045 silly install printInstalled
1046 warn helloworld@1.0.0 No repository field.
1047 verbose stack Error: ENOENT: no such file or directory, rename '/home/luc/Documents/simplon/projetLuc/pedagoCordova/comVisuelle/node_modules/.staging/android-versions-f379c320' -> '/home/luc/Documents/simplon/projetLuc/pedagoCordova/comVisuelle/node_modules/cordova-android/node_modules/android-versions'
1047 verbose stack     at destStatted (/usr/share/npm/lib/install/action/finalize.js:25:7)
1047 verbose stack     at FSReqWrap.oncomplete (fs.js:152:21)
1047 verbose stack
1047 verbose stack Error: ENOENT: no such file or directory, rename '/home/luc/Documents/simplon/projetLuc/pedagoCordova/comVisuelle/node_modules/.staging/android-versions-f379c320' -> '/home/luc/Documents/simplon/projetLuc/pedagoCordova/comVisuelle/node_modules/cordova-android/node_modules/android-versions'
1048 verbose cwd /home/luc/Documents/simplon/projetLuc/pedagoCordova/comVisuelle
1049 error Linux 4.15.0-39-generic
1050 error argv "/usr/bin/node" "/usr/bin/npm" "install" "cordova-android@^7.1.4" "--production" "--save"
1051 error node v8.10.0
1052 error npm  v3.5.2
1053 error path /home/luc/Documents/simplon/projetLuc/pedagoCordova/comVisuelle/node_modules/.staging/android-versions-f379c320
1054 error code ENOENT
1055 error errno -2
1056 error syscall rename
1057 error enoent ENOENT: no such file or directory, rename '/home/luc/Documents/simplon/projetLuc/pedagoCordova/comVisuelle/node_modules/.staging/android-versions-f379c320' -> '/home/luc/Documents/simplon/projetLuc/pedagoCordova/comVisuelle/node_modules/cordova-android/node_modules/android-versions'
1058 error enoent ENOENT: no such file or directory, rename '/home/luc/Documents/simplon/projetLuc/pedagoCordova/comVisuelle/node_modules/.staging/android-versions-f379c320' -> '/home/luc/Documents/simplon/projetLuc/pedagoCordova/comVisuelle/node_modules/cordova-android/node_modules/android-versions'
1058 error enoent This is most likely not a problem with npm itself
1058 error enoent and is related to npm not being able to find a file.
1059 verbose exit [ -2, true ]
